#
# A fatal error has been detected by the Java Runtime Environment:
#
#  EXCEPTION_ACCESS_VIOLATION (0xc0000005) at pc=0x00007ffa3d1dc4e5, pid=13796, tid=12120
#
# JRE version: Java(TM) SE Runtime Environment 18.9 (11.0.12+8) (build 11.0.12+8-LTS-237)
# Java VM: Java HotSpot(TM) 64-Bit Server VM 18.9 (11.0.12+8-LTS-237, mixed mode, tiered, compressed oops, g1 gc, windows-amd64)
# Problematic frame:
# V  [jvm.dll+0x1ec4e5]
#
# No core dump will be written. Minidumps are not enabled by default on client versions of Windows
#
# If you would like to submit a bug report, please visit:
#   https://bugreport.java.com/bugreport/crash.jsp
#

---------------  S U M M A R Y ------------

Command Line: --add-opens=java.base/java.util=ALL-UNNAMED --add-opens=java.base/java.lang=ALL-UNNAMED --add-opens=java.base/java.lang.invoke=ALL-UNNAMED --add-opens=java.prefs/java.util.prefs=ALL-UNNAMED -XX:MaxMetaspaceSize=256m -XX:+HeapDumpOnOutOfMemoryError -Xms256m -Xmx512m -Dfile.encoding=windows-1252 -Duser.country=CL -Duser.language=es -Duser.variant org.gradle.launcher.daemon.bootstrap.GradleDaemon 6.7

Host: Intel(R) Core(TM) i5-7300HQ CPU @ 2.50GHz, 4 cores, 7G,  Windows 10 , 64 bit Build 19041 (10.0.19041.1023)
Time: Thu Jul 22 14:20:26 2021 Hora est. Sudamérica Pacífico elapsed time: 16583.806702 seconds (0d 4h 36m 23s)

---------------  T H R E A D  ---------------

Current thread (0x0000026cfe962000):  ConcurrentGCThread "G1 Conc#0" [stack: 0x000000c934d00000,0x000000c934e00000] [id=12120]

Stack: [0x000000c934d00000,0x000000c934e00000],  sp=0x000000c934dff510,  free space=1021k
Native frames: (J=compiled Java code, j=interpreted, Vv=VM code, C=native code)
V  [jvm.dll+0x1ec4e5]
V  [jvm.dll+0x1ec3c2]
V  [jvm.dll+0x1ea58d]
V  [jvm.dll+0x1ea141]
V  [jvm.dll+0x2e1fee]
V  [jvm.dll+0x2de61b]
V  [jvm.dll+0x2e009c]
V  [jvm.dll+0x2df00e]
V  [jvm.dll+0x2e2a56]
V  [jvm.dll+0x77b840]
V  [jvm.dll+0x70f064]
V  [jvm.dll+0x616f66]
C  [ucrtbase.dll+0x21bb2]
C  [KERNEL32.DLL+0x17034]
C  [ntdll.dll+0x52651]


siginfo: EXCEPTION_ACCESS_VIOLATION (0xc0000005), reading address 0x0000000000000160


Register to memory mapping:

RIP=0x00007ffa3d1dc4e5 jvm.dll
RAX=0x0000026cfe950480 points into unknown readable memory: 0x0000000000000000 | 00 00 00 00 00 00 00 00
RBX=0x0000026cfe963f30 points into unknown readable memory: 0x00007ffa3d841b70 | 70 1b 84 3d fa 7f 00 00
RCX=0x0000000000000014 is an unknown value
RDX=0x0 is NULL
RSP=0x000000c934dff510 points into unknown readable memory: 0x0000000100002310 | 10 23 00 00 01 00 00 00
RBP=0x0 is NULL
RSI=0x000000010000d1e8 is pointing into metadata
RDI=0x0000000008000001 is an unknown value
R8 =0x0000000008000001 is an unknown value
R9 =0x0 is NULL
R10=0x0 is NULL
R11=0x346dc5d63886594b is an unknown value
R12=0x0 is NULL
R13=0x0 is NULL
R14=0x000000010000d1f0 is a pointer to class: 
java.lang.BootstrapMethodError {0x000000010000d1f8}
R15=0x0000026cfe95dc70 points into unknown readable memory: 0x0000026cfe960800 | 00 08 96 fe 6c 02 00 00


Registers:
RAX=0x0000026cfe950480, RBX=0x0000026cfe963f30, RCX=0x0000000000000014, RDX=0x0000000000000000
RSP=0x000000c934dff510, RBP=0x0000000000000000, RSI=0x000000010000d1e8, RDI=0x0000000008000001
R8 =0x0000000008000001, R9 =0x0000000000000000, R10=0x0000000000000000, R11=0x346dc5d63886594b
R12=0x0000000000000000, R13=0x0000000000000000, R14=0x000000010000d1f0, R15=0x0000026cfe95dc70
RIP=0x00007ffa3d1dc4e5, EFLAGS=0x0000000000010202

Top of Stack: (sp=0x000000c934dff510)
0x000000c934dff510:   0000000100002310 00007ffa3d1bdbe5
0x000000c934dff520:   0000000000000000 0000026ca11f7820
0x000000c934dff530:   00000000e389cb30 0000026cfe964070
0x000000c934dff540:   0000000008000001 00007ffa3d1dc3c2
0x000000c934dff550:   0000026cfe963f30 000000010000d1e8
0x000000c934dff560:   000000010000d1f0 000000c934dff6f8
0x000000c934dff570:   00000000e389cb54 00007ffa3d1da58d
0x000000c934dff580:   0000000000000005 00000000e389cb48
0x000000c934dff590:   0000000000000005 00000000e3671158
0x000000c934dff5a0:   0000026cfe962a01 0000026cfe95dc88
0x000000c934dff5b0:   000000010000cfe0 00007ffa3d1da141
0x000000c934dff5c0:   0000000000000005 000000c934dff6f8
0x000000c934dff5d0:   00000000e389cb30 0000026cfe963f30
0x000000c934dff5e0:   0000026cfe963f30 00007ffa3d2d1fee
0x000000c934dff5f0:   00000000e389cb30 000000c934dff6b0
0x000000c934dff600:   000000c934dff6b0 00007ffa3d601a1c 

Instructions: (pc=0x00007ffa3d1dc4e5)
0x00007ffa3d1dc4c5:   4d 8b d0 44 8b e2 49 8b e9 49 8b f8 8b 88 c0 02
0x00007ffa3d1dc4d5:   00 00 48 8b 80 b0 02 00 00 49 d3 ea 4e 8b 14 d0
0x00007ffa3d1dc4e5:   4d 3b 82 60 01 00 00 72 11 32 c0 48 8b 6c 24 58
0x00007ffa3d1dc4f5:   48 83 c4 20 41 5f 41 5c 5f c3 49 8b 87 90 00 00 


Stack slot to memory mapping:
stack at sp + 0 slots: 0x0000000100002310 is a pointer to class: 
java.lang.Cloneable {0x0000000100002318}
stack at sp + 1 slots: 0x00007ffa3d1bdbe5 jvm.dll
stack at sp + 2 slots: 0x0 is NULL
stack at sp + 3 slots: 0x0000026ca11f7820 points into unknown readable memory: 0x0000026c9ec0bff0 | f0 bf c0 9e 6c 02 00 00
stack at sp + 4 slots: 0x00000000e389cb30 is an oop: java.lang.invoke.MethodType 
{0x00000000e389cb30} - klass: 'java/lang/invoke/MethodType'
stack at sp + 5 slots: 0x0000026cfe964070 points into unknown readable memory: 0x00007ffa3d888b80 | 80 8b 88 3d fa 7f 00 00
stack at sp + 6 slots: 0x0000000008000001 is an unknown value
stack at sp + 7 slots: 0x00007ffa3d1dc3c2 jvm.dll


---------------  P R O C E S S  ---------------

Threads class SMR info:
_java_thread_list=0x0000026c9ccf1060, length=132, elements={
0x0000026cfe938800, 0x0000026c99d9c800, 0x0000026c99d9d800, 0x0000026c99db9000,
0x0000026c99dbc000, 0x0000026c99dbe000, 0x0000026c99dbf800, 0x0000026c99dc2800,
0x0000026c9a78c000, 0x0000026c9a898000, 0x0000026c9c118800, 0x0000026c9b56f800,
0x0000026c9c040800, 0x0000026c9c1b3000, 0x0000026c9c1b0800, 0x0000026c9c1b2000,
0x0000026c9c1af800, 0x0000026c9e7e9000, 0x0000026c9e511000, 0x0000026c9e512800,
0x0000026c9e51a000, 0x0000026c9e515000, 0x0000026c9f09a800, 0x0000026c9f09f800,
0x0000026c9f099800, 0x0000026c9f099000, 0x0000026c9f09b800, 0x0000026c9f095800,
0x0000026c9f096800, 0x0000026c9f09c000, 0x0000026c9f09d000, 0x0000026c9f097000,
0x0000026c9f09d800, 0x0000026c9f098000, 0x0000026c9f0a0000, 0x0000026c9f0a4800,
0x0000026c9f0a3800, 0x0000026c9f09e800, 0x0000026c9f0a1000, 0x0000026c9f0a2000,
0x0000026c9f0a2800, 0x0000026c9e7e9800, 0x0000026c9e7ea800, 0x0000026c9e7e8000,
0x0000026c9e7ee800, 0x0000026c9e7ef800, 0x0000026c9e7f1000, 0x0000026c9e7eb800,
0x0000026c9e7f2800, 0x0000026c9e7f3800, 0x0000026c9e7ed800, 0x0000026c9e7f0000,
0x0000026c9e7f6000, 0x0000026c9e7f2000, 0x0000026c9e7f6800, 0x0000026c9e7f4000,
0x0000026c9e7f5000, 0x0000026c9e512000, 0x0000026c9e510800, 0x0000026c9e50e800,
0x0000026c9e50c000, 0x0000026c9e50f800, 0x0000026c9e513800, 0x0000026c9e50e000,
0x0000026c9e516000, 0x0000026c9e517000, 0x0000026c9e514800, 0x0000026c9e519800,
0x0000026c9e51b000, 0x0000026c9e517800, 0x0000026c9e518800, 0x0000026c9c1ae000,
0x0000026c9c1af000, 0x0000026c9c1b3800, 0x0000026c9c1b1000, 0x0000026c9c1b4800,
0x0000026ca0dd2000, 0x0000026ca0dd6000, 0x0000026ca0dd3000, 0x0000026ca0dd3800,
0x0000026ca0dd4800, 0x0000026ca0dd1000, 0x0000026ca0dd5800, 0x0000026ca0dd0800,
0x0000026ca0ddb000, 0x0000026ca0ddc800, 0x0000026ca0ddc000, 0x0000026ca0dd7000,
0x0000026ca0dd8000, 0x0000026ca0dde800, 0x0000026ca0ddd800, 0x0000026ca0dd8800,
0x0000026ca0dda000, 0x0000026ca0ddf000, 0x0000026ca0dd9800, 0x0000026ca44c4000,
0x0000026ca44c0800, 0x0000026ca44be000, 0x0000026ca44bf000, 0x0000026ca44c5000,
0x0000026ca44c1800, 0x0000026ca44c3000, 0x0000026ca44c5800, 0x0000026ca44c0000,
0x0000026ca44c6800, 0x0000026ca44c7000, 0x0000026ca44c8000, 0x0000026ca44c2800,
0x0000026ca44cc000, 0x0000026ca44cd000, 0x0000026ca44ca800, 0x0000026ca44cb800,
0x0000026ca44c9000, 0x0000026ca44c9800, 0x0000026c9c5e4800, 0x0000026c9c5e5800,
0x0000026c9c5e4000, 0x0000026c9c5e6800, 0x0000026c9c5e3000, 0x0000026c9c5e7000,
0x0000026c9c5e1800, 0x0000026c9c5e2000, 0x0000026c9c5eb000, 0x0000026c9c5ec000,
0x0000026c9c5e8000, 0x0000026c9c5ee800, 0x0000026c9c5ed800, 0x0000026c9c5ed000,
0x0000026c9c5e9000, 0x0000026c9c5ef800, 0x0000026c9c5e9800, 0x0000026c9c5f0000
}

Java Threads: ( => current thread )
  0x0000026cfe938800 JavaThread "main" [_thread_blocked, id=13084, stack(0x000000c934a00000,0x000000c934b00000)]
  0x0000026c99d9c800 JavaThread "Reference Handler" daemon [_thread_blocked, id=1040, stack(0x000000c935100000,0x000000c935200000)]
  0x0000026c99d9d800 JavaThread "Finalizer" daemon [_thread_blocked, id=11644, stack(0x000000c935200000,0x000000c935300000)]
  0x0000026c99db9000 JavaThread "Signal Dispatcher" daemon [_thread_blocked, id=13600, stack(0x000000c935300000,0x000000c935400000)]
  0x0000026c99dbc000 JavaThread "Attach Listener" daemon [_thread_blocked, id=12164, stack(0x000000c935400000,0x000000c935500000)]
  0x0000026c99dbe000 JavaThread "Service Thread" daemon [_thread_blocked, id=7988, stack(0x000000c935500000,0x000000c935600000)]
  0x0000026c99dbf800 JavaThread "C2 CompilerThread0" daemon [_thread_blocked, id=8112, stack(0x000000c935600000,0x000000c935700000)]
  0x0000026c99dc2800 JavaThread "C1 CompilerThread0" daemon [_thread_blocked, id=7884, stack(0x000000c935700000,0x000000c935800000)]
  0x0000026c9a78c000 JavaThread "Sweeper thread" daemon [_thread_blocked, id=8968, stack(0x000000c935800000,0x000000c935900000)]
  0x0000026c9a898000 JavaThread "Common-Cleaner" daemon [_thread_blocked, id=10780, stack(0x000000c935900000,0x000000c935a00000)]
  0x0000026c9c118800 JavaThread "Daemon health stats" [_thread_blocked, id=13192, stack(0x000000c935f00000,0x000000c936000000)]
  0x0000026c9b56f800 JavaThread "Incoming local TCP Connector on port 52657" [_thread_in_native, id=6780, stack(0x000000c936100000,0x000000c936200000)]
  0x0000026c9c040800 JavaThread "Daemon periodic checks" [_thread_blocked, id=13144, stack(0x000000c936200000,0x000000c936300000)]
  0x0000026c9c1b3000 JavaThread "Cache worker for file hash cache (C:\Users\Nicolas\.gradle\caches\6.7\fileHashes)" [_thread_blocked, id=14280, stack(0x000000c936a00000,0x000000c936b00000)]
  0x0000026c9c1b0800 JavaThread "File lock request listener" [_thread_in_native, id=3508, stack(0x000000c936b00000,0x000000c936c00000)]
  0x0000026c9c1b2000 JavaThread "Cache worker for journal cache (C:\Users\Nicolas\.gradle\caches\journal-1)" [_thread_blocked, id=1116, stack(0x000000c936c00000,0x000000c936d00000)]
  0x0000026c9c1af800 JavaThread "Cache worker for execution history cache (C:\Users\Nicolas\.gradle\caches\6.7\executionHistory)" [_thread_blocked, id=13336, stack(0x000000c936d00000,0x000000c936e00000)]
  0x0000026c9e7e9000 JavaThread "Cache worker for file content cache (C:\Users\Nicolas\.gradle\caches\6.7\fileContent)" [_thread_blocked, id=14308, stack(0x000000c937400000,0x000000c937500000)]
  0x0000026c9e511000 JavaThread "Memory manager" [_thread_blocked, id=11932, stack(0x000000c93d500000,0x000000c93d600000)]
  0x0000026c9e512800 JavaThread "Monitor" [_thread_in_native, id=3024, stack(0x000000c93da00000,0x000000c93db00000)]
  0x0000026c9e51a000 JavaThread "JdwpProxyConnection" [_thread_in_native, id=4540, stack(0x000000c937200000,0x000000c937300000)]
  0x0000026c9e515000 JavaThread "Device List Monitor" [_thread_in_native, id=13164, stack(0x000000c93db00000,0x000000c93dc00000)]
  0x0000026c9f09a800 JavaThread "Cache worker for Java compile cache (C:\Users\Nicolas\.gradle\caches\6.7\javaCompile)" [_thread_blocked, id=15788, stack(0x000000c93e500000,0x000000c93e600000)]
  0x0000026c9f09f800 JavaThread "ForkJoinPool.commonPool-worker-3" daemon [_thread_blocked, id=15200, stack(0x000000c93e700000,0x000000c93e800000)]
  0x0000026c9f099800 JavaThread "Daemon Thread 10" [_thread_blocked, id=16156, stack(0x000000c934800000,0x000000c934900000)]
  0x0000026c9f099000 JavaThread "Handler for socket connection from /127.0.0.1:52657 to /127.0.0.1:56613" [_thread_in_native, id=16460, stack(0x000000c934900000,0x000000c934a00000)]
  0x0000026c9f09b800 JavaThread "Cancel handler" [_thread_blocked, id=8384, stack(0x000000c935b00000,0x000000c935c00000)]
  0x0000026c9f095800 JavaThread "Daemon worker Thread 10" [_thread_blocked, id=9792, stack(0x000000c936000000,0x000000c936100000)]
  0x0000026c9f096800 JavaThread "Asynchronous log dispatcher for DefaultDaemonConnection: socket connection from /127.0.0.1:52657 to /127.0.0.1:56613" [_thread_blocked, id=2940, stack(0x000000c936300000,0x000000c936400000)]
  0x0000026c9f09c000 JavaThread "Stdin handler" [_thread_blocked, id=14972, stack(0x000000c936400000,0x000000c936500000)]
  0x0000026c9f09d000 JavaThread "Thread-1159" [_thread_blocked, id=14948, stack(0x000000c936500000,0x000000c936600000)]
  0x0000026c9f097000 JavaThread "Cache worker for file hash cache (C:\Users\Nicolas\Documents\GitHub\postventa-app\android\.gradle\6.7\fileHashes)" [_thread_blocked, id=16988, stack(0x000000c936600000,0x000000c936700000)]
  0x0000026c9f09d800 JavaThread "Cache worker for checksums cache (C:\Users\Nicolas\Documents\GitHub\postventa-app\android\.gradle\checksums)" [_thread_blocked, id=16404, stack(0x000000c936700000,0x000000c936800000)]
  0x0000026c9f098000 JavaThread "Cache worker for cache directory md-supplier (C:\Users\Nicolas\.gradle\caches\6.7\md-supplier)" [_thread_blocked, id=16536, stack(0x000000c936800000,0x000000c936900000)]
  0x0000026c9f0a0000 JavaThread "Cache worker for cache directory md-rule (C:\Users\Nicolas\.gradle\caches\6.7\md-rule)" [_thread_blocked, id=14916, stack(0x000000c936900000,0x000000c936a00000)]
  0x0000026c9f0a4800 JavaThread "Cache worker for Build Output Cleanup Cache (C:\Users\Nicolas\Documents\GitHub\postventa-app\android\.gradle\buildOutputCleanup)" [_thread_blocked, id=15236, stack(0x000000c936e00000,0x000000c936f00000)]
  0x0000026c9f0a3800 JavaThread "Build operations" [_thread_blocked, id=13008, stack(0x000000c936f00000,0x000000c937000000)]
  0x0000026c9f09e800 JavaThread "Build operations Thread 2" [_thread_in_native, id=6480, stack(0x000000c937000000,0x000000c937100000)]
  0x0000026c9f0a1000 JavaThread "Build operations Thread 3" [_thread_in_native, id=16608, stack(0x000000c937100000,0x000000c937200000)]
  0x0000026c9f0a2000 JavaThread "Build operations Thread 4" [_thread_in_native, id=16652, stack(0x000000c937300000,0x000000c937400000)]
  0x0000026c9f0a2800 JavaThread "jar transforms Thread 921" [_thread_blocked, id=3136, stack(0x000000c937500000,0x000000c937600000)]
  0x0000026c9e7e9800 JavaThread "jar transforms Thread 922" [_thread_blocked, id=17016, stack(0x000000c937600000,0x000000c937700000)]
  0x0000026c9e7ea800 JavaThread "jar transforms Thread 923" [_thread_blocked, id=2816, stack(0x000000c937700000,0x000000c937800000)]
  0x0000026c9e7e8000 JavaThread "jar transforms Thread 924" [_thread_blocked, id=17200, stack(0x000000c937800000,0x000000c937900000)]
  0x0000026c9e7ee800 JavaThread "jar transforms Thread 925" [_thread_blocked, id=15676, stack(0x000000c937900000,0x000000c937a00000)]
  0x0000026c9e7ef800 JavaThread "jar transforms Thread 926" [_thread_blocked, id=13416, stack(0x000000c937a00000,0x000000c937b00000)]
  0x0000026c9e7f1000 JavaThread "jar transforms Thread 927" [_thread_blocked, id=14640, stack(0x000000c937b00000,0x000000c937c00000)]
  0x0000026c9e7eb800 JavaThread "jar transforms Thread 928" [_thread_blocked, id=17384, stack(0x000000c937c00000,0x000000c937d00000)]
  0x0000026c9e7f2800 JavaThread "jar transforms Thread 929" [_thread_blocked, id=268, stack(0x000000c937d00000,0x000000c937e00000)]
  0x0000026c9e7f3800 JavaThread "jar transforms Thread 930" [_thread_blocked, id=12916, stack(0x000000c937e00000,0x000000c937f00000)]
  0x0000026c9e7ed800 JavaThread "jar transforms Thread 931" [_thread_blocked, id=4312, stack(0x000000c937f00000,0x000000c938000000)]
  0x0000026c9e7f0000 JavaThread "jar transforms Thread 932" [_thread_blocked, id=12772, stack(0x000000c938000000,0x000000c938100000)]
  0x0000026c9e7f6000 JavaThread "jar transforms Thread 933" [_thread_blocked, id=13520, stack(0x000000c938100000,0x000000c938200000)]
  0x0000026c9e7f2000 JavaThread "jar transforms Thread 934" [_thread_blocked, id=14584, stack(0x000000c938200000,0x000000c938300000)]
  0x0000026c9e7f6800 JavaThread "jar transforms Thread 935" [_thread_blocked, id=7960, stack(0x000000c938300000,0x000000c938400000)]
  0x0000026c9e7f4000 JavaThread "jar transforms Thread 936" [_thread_blocked, id=15248, stack(0x000000c938400000,0x000000c938500000)]
  0x0000026c9e7f5000 JavaThread "jar transforms Thread 937" [_thread_blocked, id=2936, stack(0x000000c938500000,0x000000c938600000)]
  0x0000026c9e512000 JavaThread "jar transforms Thread 938" [_thread_blocked, id=7260, stack(0x000000c938600000,0x000000c938700000)]
  0x0000026c9e510800 JavaThread "jar transforms Thread 939" [_thread_blocked, id=15036, stack(0x000000c938700000,0x000000c938800000)]
  0x0000026c9e50e800 JavaThread "jar transforms Thread 940" [_thread_blocked, id=17024, stack(0x000000c938800000,0x000000c938900000)]
  0x0000026c9e50c000 JavaThread "jar transforms Thread 941" [_thread_blocked, id=11328, stack(0x000000c938900000,0x000000c938a00000)]
  0x0000026c9e50f800 JavaThread "jar transforms Thread 942" [_thread_blocked, id=16368, stack(0x000000c938a00000,0x000000c938b00000)]
  0x0000026c9e513800 JavaThread "jar transforms Thread 943" [_thread_blocked, id=1284, stack(0x000000c938b00000,0x000000c938c00000)]
  0x0000026c9e50e000 JavaThread "jar transforms Thread 944" [_thread_blocked, id=12048, stack(0x000000c938c00000,0x000000c938d00000)]
  0x0000026c9e516000 JavaThread "jar transforms Thread 945" [_thread_blocked, id=13424, stack(0x000000c938d00000,0x000000c938e00000)]
  0x0000026c9e517000 JavaThread "jar transforms Thread 946" [_thread_blocked, id=16152, stack(0x000000c938e00000,0x000000c938f00000)]
  0x0000026c9e514800 JavaThread "jar transforms Thread 947" [_thread_blocked, id=16408, stack(0x000000c938f00000,0x000000c939000000)]
  0x0000026c9e519800 JavaThread "jar transforms Thread 948" [_thread_blocked, id=11724, stack(0x000000c939000000,0x000000c939100000)]
  0x0000026c9e51b000 JavaThread "jar transforms Thread 949" [_thread_blocked, id=6104, stack(0x000000c939100000,0x000000c939200000)]
  0x0000026c9e517800 JavaThread "jar transforms Thread 950" [_thread_blocked, id=16356, stack(0x000000c939200000,0x000000c939300000)]
  0x0000026c9e518800 JavaThread "jar transforms Thread 951" [_thread_blocked, id=3056, stack(0x000000c939300000,0x000000c939400000)]
  0x0000026c9c1ae000 JavaThread "jar transforms Thread 952" [_thread_blocked, id=16572, stack(0x000000c939400000,0x000000c939500000)]
  0x0000026c9c1af000 JavaThread "jar transforms Thread 953" [_thread_blocked, id=14476, stack(0x000000c939500000,0x000000c939600000)]
  0x0000026c9c1b3800 JavaThread "jar transforms Thread 954" [_thread_blocked, id=5824, stack(0x000000c939600000,0x000000c939700000)]
  0x0000026c9c1b1000 JavaThread "jar transforms Thread 955" [_thread_blocked, id=12540, stack(0x000000c939700000,0x000000c939800000)]
  0x0000026c9c1b4800 JavaThread "jar transforms Thread 956" [_thread_blocked, id=16508, stack(0x000000c939800000,0x000000c939900000)]
  0x0000026ca0dd2000 JavaThread "jar transforms Thread 957" [_thread_blocked, id=17152, stack(0x000000c939900000,0x000000c939a00000)]
  0x0000026ca0dd6000 JavaThread "jar transforms Thread 958" [_thread_blocked, id=15044, stack(0x000000c939a00000,0x000000c939b00000)]
  0x0000026ca0dd3000 JavaThread "jar transforms Thread 959" [_thread_blocked, id=3020, stack(0x000000c939b00000,0x000000c939c00000)]
  0x0000026ca0dd3800 JavaThread "jar transforms Thread 960" [_thread_blocked, id=13364, stack(0x000000c939c00000,0x000000c939d00000)]
  0x0000026ca0dd4800 JavaThread "jar transforms Thread 961" [_thread_blocked, id=2788, stack(0x000000c939d00000,0x000000c939e00000)]
  0x0000026ca0dd1000 JavaThread "jar transforms Thread 962" [_thread_blocked, id=15876, stack(0x000000c939e00000,0x000000c939f00000)]
  0x0000026ca0dd5800 JavaThread "jar transforms Thread 963" [_thread_blocked, id=16512, stack(0x000000c939f00000,0x000000c93a000000)]
  0x0000026ca0dd0800 JavaThread "jar transforms Thread 964" [_thread_blocked, id=12668, stack(0x000000c93a000000,0x000000c93a100000)]
  0x0000026ca0ddb000 JavaThread "jar transforms Thread 965" [_thread_blocked, id=15644, stack(0x000000c93a100000,0x000000c93a200000)]
  0x0000026ca0ddc800 JavaThread "jar transforms Thread 966" [_thread_blocked, id=5728, stack(0x000000c93a200000,0x000000c93a300000)]
  0x0000026ca0ddc000 JavaThread "jar transforms Thread 967" [_thread_blocked, id=13464, stack(0x000000c93a300000,0x000000c93a400000)]
  0x0000026ca0dd7000 JavaThread "jar transforms Thread 968" [_thread_blocked, id=14904, stack(0x000000c93a400000,0x000000c93a500000)]
  0x0000026ca0dd8000 JavaThread "jar transforms Thread 969" [_thread_blocked, id=5368, stack(0x000000c93a500000,0x000000c93a600000)]
  0x0000026ca0dde800 JavaThread "jar transforms Thread 970" [_thread_blocked, id=12892, stack(0x000000c93a600000,0x000000c93a700000)]
  0x0000026ca0ddd800 JavaThread "jar transforms Thread 971" [_thread_blocked, id=16472, stack(0x000000c93a700000,0x000000c93a800000)]
  0x0000026ca0dd8800 JavaThread "jar transforms Thread 972" [_thread_blocked, id=12708, stack(0x000000c93a800000,0x000000c93a900000)]
  0x0000026ca0dda000 JavaThread "jar transforms Thread 973" [_thread_blocked, id=9388, stack(0x000000c93a900000,0x000000c93aa00000)]
  0x0000026ca0ddf000 JavaThread "jar transforms Thread 974" [_thread_blocked, id=2588, stack(0x000000c93aa00000,0x000000c93ab00000)]
  0x0000026ca0dd9800 JavaThread "jar transforms Thread 975" [_thread_blocked, id=8892, stack(0x000000c93ab00000,0x000000c93ac00000)]
  0x0000026ca44c4000 JavaThread "jar transforms Thread 976" [_thread_blocked, id=13736, stack(0x000000c93ac00000,0x000000c93ad00000)]
  0x0000026ca44c0800 JavaThread "jar transforms Thread 977" [_thread_blocked, id=15480, stack(0x000000c93ad00000,0x000000c93ae00000)]
  0x0000026ca44be000 JavaThread "jar transforms Thread 978" [_thread_blocked, id=14192, stack(0x000000c93ae00000,0x000000c93af00000)]
  0x0000026ca44bf000 JavaThread "jar transforms Thread 979" [_thread_blocked, id=6916, stack(0x000000c93af00000,0x000000c93b000000)]
  0x0000026ca44c5000 JavaThread "jar transforms Thread 980" [_thread_blocked, id=15264, stack(0x000000c93b000000,0x000000c93b100000)]
  0x0000026ca44c1800 JavaThread "jar transforms Thread 981" [_thread_blocked, id=2924, stack(0x000000c93b100000,0x000000c93b200000)]
  0x0000026ca44c3000 JavaThread "jar transforms Thread 982" [_thread_blocked, id=3616, stack(0x000000c93b200000,0x000000c93b300000)]
  0x0000026ca44c5800 JavaThread "jar transforms Thread 983" [_thread_blocked, id=11640, stack(0x000000c93b300000,0x000000c93b400000)]
  0x0000026ca44c0000 JavaThread "jar transforms Thread 984" [_thread_blocked, id=10392, stack(0x000000c93b400000,0x000000c93b500000)]
  0x0000026ca44c6800 JavaThread "jar transforms Thread 985" [_thread_blocked, id=6688, stack(0x000000c93b500000,0x000000c93b600000)]
  0x0000026ca44c7000 JavaThread "jar transforms Thread 986" [_thread_blocked, id=4584, stack(0x000000c93b600000,0x000000c93b700000)]
  0x0000026ca44c8000 JavaThread "jar transforms Thread 987" [_thread_blocked, id=2372, stack(0x000000c93b700000,0x000000c93b800000)]
  0x0000026ca44c2800 JavaThread "jar transforms Thread 988" [_thread_blocked, id=15872, stack(0x000000c93b800000,0x000000c93b900000)]
  0x0000026ca44cc000 JavaThread "jar transforms Thread 989" [_thread_blocked, id=5552, stack(0x000000c93b900000,0x000000c93ba00000)]
  0x0000026ca44cd000 JavaThread "jar transforms Thread 990" [_thread_blocked, id=10428, stack(0x000000c93ba00000,0x000000c93bb00000)]
  0x0000026ca44ca800 JavaThread "jar transforms Thread 991" [_thread_blocked, id=7184, stack(0x000000c93bb00000,0x000000c93bc00000)]
  0x0000026ca44cb800 JavaThread "jar transforms Thread 992" [_thread_blocked, id=12620, stack(0x000000c93bc00000,0x000000c93bd00000)]
  0x0000026ca44c9000 JavaThread "jar transforms Thread 993" [_thread_blocked, id=1664, stack(0x000000c93bd00000,0x000000c93be00000)]
  0x0000026ca44c9800 JavaThread "jar transforms Thread 994" [_thread_blocked, id=14376, stack(0x000000c93be00000,0x000000c93bf00000)]
  0x0000026c9c5e4800 JavaThread "jar transforms Thread 995" [_thread_blocked, id=5196, stack(0x000000c93bf00000,0x000000c93c000000)]
  0x0000026c9c5e5800 JavaThread "jar transforms Thread 996" [_thread_blocked, id=15108, stack(0x000000c93c000000,0x000000c93c100000)]
  0x0000026c9c5e4000 JavaThread "jar transforms Thread 997" [_thread_blocked, id=11692, stack(0x000000c93c100000,0x000000c93c200000)]
  0x0000026c9c5e6800 JavaThread "jar transforms Thread 998" [_thread_blocked, id=6756, stack(0x000000c93c200000,0x000000c93c300000)]
  0x0000026c9c5e3000 JavaThread "jar transforms Thread 999" [_thread_blocked, id=13212, stack(0x000000c93c300000,0x000000c93c400000)]
  0x0000026c9c5e7000 JavaThread "jar transforms Thread 1000" [_thread_blocked, id=6560, stack(0x000000c93c400000,0x000000c93c500000)]
  0x0000026c9c5e1800 JavaThread "jar transforms Thread 1001" [_thread_blocked, id=14064, stack(0x000000c93c500000,0x000000c93c600000)]
  0x0000026c9c5e2000 JavaThread "jar transforms Thread 1002" [_thread_blocked, id=10436, stack(0x000000c93c600000,0x000000c93c700000)]
  0x0000026c9c5eb000 JavaThread "jar transforms Thread 1003" [_thread_blocked, id=6760, stack(0x000000c93c700000,0x000000c93c800000)]
  0x0000026c9c5ec000 JavaThread "jar transforms Thread 1004" [_thread_blocked, id=15256, stack(0x000000c93c800000,0x000000c93c900000)]
  0x0000026c9c5e8000 JavaThread "jar transforms Thread 1005" [_thread_blocked, id=17252, stack(0x000000c93c900000,0x000000c93ca00000)]
  0x0000026c9c5ee800 JavaThread "jar transforms Thread 1006" [_thread_blocked, id=14032, stack(0x000000c93ca00000,0x000000c93cb00000)]
  0x0000026c9c5ed800 JavaThread "jar transforms Thread 1007" [_thread_blocked, id=8432, stack(0x000000c93cb00000,0x000000c93cc00000)]
  0x0000026c9c5ed000 JavaThread "jar transforms Thread 1008" [_thread_blocked, id=3968, stack(0x000000c93cc00000,0x000000c93cd00000)]
  0x0000026c9c5e9000 JavaThread "jar transforms Thread 1009" [_thread_blocked, id=14296, stack(0x000000c93cd00000,0x000000c93ce00000)]
  0x0000026c9c5ef800 JavaThread "jar transforms Thread 1010" [_thread_blocked, id=4324, stack(0x000000c93ce00000,0x000000c93cf00000)]
  0x0000026c9c5e9800 JavaThread "jar transforms Thread 1011" [_thread_blocked, id=12584, stack(0x000000c93cf00000,0x000000c93d000000)]
  0x0000026c9c5f0000 JavaThread "jar transforms Thread 1012" [_thread_blocked, id=13068, stack(0x000000c93d000000,0x000000c93d100000)]

Other Threads:
  0x0000026c99d75800 VMThread "VM Thread" [stack: 0x000000c935000000,0x000000c935100000] [id=11672]
  0x0000026c9a8d9000 WatcherThread [stack: 0x000000c935a00000,0x000000c935b00000] [id=3120]
  0x0000026cfe94e000 GCTaskThread "GC Thread#0" [stack: 0x000000c934b00000,0x000000c934c00000] [id=14144]
  0x0000026c9aeae000 GCTaskThread "GC Thread#1" [stack: 0x000000c935c00000,0x000000c935d00000] [id=10896]
  0x0000026c9acbb800 GCTaskThread "GC Thread#2" [stack: 0x000000c935d00000,0x000000c935e00000] [id=11688]
  0x0000026c9acbc000 GCTaskThread "GC Thread#3" [stack: 0x000000c935e00000,0x000000c935f00000] [id=9128]
  0x0000026cfe960800 ConcurrentGCThread "G1 Main Marker" [stack: 0x000000c934c00000,0x000000c934d00000] [id=14148]
=>0x0000026cfe962000 ConcurrentGCThread "G1 Conc#0" [stack: 0x000000c934d00000,0x000000c934e00000] [id=12120]
  0x0000026c99c0e800 ConcurrentGCThread "G1 Refine#0" [stack: 0x000000c934e00000,0x000000c934f00000] [id=2064]
  0x0000026c99c0f800 ConcurrentGCThread "G1 Young RemSet Sampling" [stack: 0x000000c934f00000,0x000000c935000000] [id=11552]

Threads with active compile tasks:

VM state:not at safepoint (normal execution)

VM Mutex/Monitor currently owned by a thread: None

Heap address: 0x00000000e0000000, size: 512 MB, Compressed Oops mode: 32-bit
Narrow klass base: 0x0000000000000000, Narrow klass shift: 3
Compressed class space size: 260046848 Address: 0x0000000100000000

Heap:
 garbage-first heap   total 272384K, used 108454K [0x00000000e0000000, 0x0000000100000000)
  region size 1024K, 12 young (12288K), 9 survivors (9216K)
 Metaspace       used 132412K, capacity 136422K, committed 136536K, reserved 374784K
  class space    used 15925K, capacity 17459K, committed 17536K, reserved 253952K
Heap Regions: E=young(eden), S=young(survivor), O=old, HS=humongous(starts), HC=humongous(continues), CS=collection set, F=free, A=archive, TAMS=top-at-mark-start (previous, next)
|   0|0x00000000e0000000, 0x00000000e0100000, 0x00000000e0100000|100%| O|  |TAMS 0x00000000e0100000, 0x00000000e0100000| Untracked 
|   1|0x00000000e0100000, 0x00000000e0200000, 0x00000000e0200000|100%| O|  |TAMS 0x00000000e0200000, 0x00000000e0200000| Untracked 
|   2|0x00000000e0200000, 0x00000000e0300000, 0x00000000e0300000|100%| O|  |TAMS 0x00000000e0300000, 0x00000000e0300000| Untracked 
|   3|0x00000000e0300000, 0x00000000e0400000, 0x00000000e0400000|100%|HS|  |TAMS 0x00000000e0400000, 0x00000000e0400000| Complete 
|   4|0x00000000e0400000, 0x00000000e0500000, 0x00000000e0500000|100%|HC|  |TAMS 0x00000000e0500000, 0x00000000e0500000| Complete 
|   5|0x00000000e0500000, 0x00000000e0600000, 0x00000000e0600000|100%|HC|  |TAMS 0x00000000e0600000, 0x00000000e0600000| Complete 
|   6|0x00000000e0600000, 0x00000000e0700000, 0x00000000e0700000|100%| O|  |TAMS 0x00000000e0700000, 0x00000000e0700000| Untracked 
|   7|0x00000000e0700000, 0x00000000e0800000, 0x00000000e0800000|100%| O|  |TAMS 0x00000000e0800000, 0x00000000e0800000| Untracked 
|   8|0x00000000e0800000, 0x00000000e0900000, 0x00000000e0900000|100%| O|  |TAMS 0x00000000e0900000, 0x00000000e0900000| Untracked 
|   9|0x00000000e0900000, 0x00000000e0a00000, 0x00000000e0a00000|100%| O|  |TAMS 0x00000000e0a00000, 0x00000000e0a00000| Untracked 
|  10|0x00000000e0a00000, 0x00000000e0b00000, 0x00000000e0b00000|100%| O|  |TAMS 0x00000000e0a00000, 0x00000000e0b00000| Untracked 
|  11|0x00000000e0b00000, 0x00000000e0c00000, 0x00000000e0c00000|100%| O|  |TAMS 0x00000000e0c00000, 0x00000000e0c00000| Untracked 
|  12|0x00000000e0c00000, 0x00000000e0d00000, 0x00000000e0d00000|100%| O|  |TAMS 0x00000000e0d00000, 0x00000000e0d00000| Untracked 
|  13|0x00000000e0d00000, 0x00000000e0e00000, 0x00000000e0e00000|100%| O|  |TAMS 0x00000000e0e00000, 0x00000000e0e00000| Untracked 
|  14|0x00000000e0e00000, 0x00000000e0f00000, 0x00000000e0f00000|100%| O|  |TAMS 0x00000000e0f00000, 0x00000000e0f00000| Untracked 
|  15|0x00000000e0f00000, 0x00000000e1000000, 0x00000000e1000000|100%| O|  |TAMS 0x00000000e1000000, 0x00000000e1000000| Untracked 
|  16|0x00000000e1000000, 0x00000000e1100000, 0x00000000e1100000|100%|HS|  |TAMS 0x00000000e1100000, 0x00000000e1100000| Complete 
|  17|0x00000000e1100000, 0x00000000e1200000, 0x00000000e1200000|100%|HS|  |TAMS 0x00000000e1200000, 0x00000000e1200000| Complete 
|  18|0x00000000e1200000, 0x00000000e1300000, 0x00000000e1300000|100%|HC|  |TAMS 0x00000000e1300000, 0x00000000e1300000| Complete 
|  19|0x00000000e1300000, 0x00000000e1400000, 0x00000000e1400000|100%| O|  |TAMS 0x00000000e1400000, 0x00000000e1400000| Untracked 
|  20|0x00000000e1400000, 0x00000000e1500000, 0x00000000e1500000|100%| O|  |TAMS 0x00000000e1500000, 0x00000000e1500000| Untracked 
|  21|0x00000000e1500000, 0x00000000e1600000, 0x00000000e1600000|100%| O|  |TAMS 0x00000000e1600000, 0x00000000e1600000| Untracked 
|  22|0x00000000e1600000, 0x00000000e1700000, 0x00000000e1700000|100%| O|  |TAMS 0x00000000e1700000, 0x00000000e1700000| Untracked 
|  23|0x00000000e1700000, 0x00000000e1800000, 0x00000000e1800000|100%| O|  |TAMS 0x00000000e1800000, 0x00000000e1800000| Untracked 
|  24|0x00000000e1800000, 0x00000000e1900000, 0x00000000e1900000|100%| O|  |TAMS 0x00000000e1900000, 0x00000000e1900000| Untracked 
|  25|0x00000000e1900000, 0x00000000e1a00000, 0x00000000e1a00000|100%| O|  |TAMS 0x00000000e1a00000, 0x00000000e1a00000| Untracked 
|  26|0x00000000e1a00000, 0x00000000e1b00000, 0x00000000e1b00000|100%| O|  |TAMS 0x00000000e1b00000, 0x00000000e1b00000| Untracked 
|  27|0x00000000e1b00000, 0x00000000e1c00000, 0x00000000e1c00000|100%| O|  |TAMS 0x00000000e1b00000, 0x00000000e1c00000| Untracked 
|  28|0x00000000e1c00000, 0x00000000e1d00000, 0x00000000e1d00000|100%| O|  |TAMS 0x00000000e1d00000, 0x00000000e1d00000| Untracked 
|  29|0x00000000e1d00000, 0x00000000e1e00000, 0x00000000e1e00000|100%| O|  |TAMS 0x00000000e1e00000, 0x00000000e1e00000| Untracked 
|  30|0x00000000e1e00000, 0x00000000e1f00000, 0x00000000e1f00000|100%| O|  |TAMS 0x00000000e1f00000, 0x00000000e1f00000| Untracked 
|  31|0x00000000e1f00000, 0x00000000e2000000, 0x00000000e2000000|100%| O|  |TAMS 0x00000000e2000000, 0x00000000e2000000| Untracked 
|  32|0x00000000e2000000, 0x00000000e2100000, 0x00000000e2100000|100%| O|  |TAMS 0x00000000e2100000, 0x00000000e2100000| Untracked 
|  33|0x00000000e2100000, 0x00000000e2200000, 0x00000000e2200000|100%| O|  |TAMS 0x00000000e2200000, 0x00000000e2200000| Untracked 
|  34|0x00000000e2200000, 0x00000000e2300000, 0x00000000e2300000|100%| O|  |TAMS 0x00000000e2300000, 0x00000000e2300000| Untracked 
|  35|0x00000000e2300000, 0x00000000e2400000, 0x00000000e2400000|100%| O|  |TAMS 0x00000000e2400000, 0x00000000e2400000| Untracked 
|  36|0x00000000e2400000, 0x00000000e2400000, 0x00000000e2500000|  0%| F|  |TAMS 0x00000000e2400000, 0x00000000e2400000| Untracked 
|  37|0x00000000e2500000, 0x00000000e2600000, 0x00000000e2600000|100%| O|  |TAMS 0x00000000e2600000, 0x00000000e2600000| Untracked 
|  38|0x00000000e2600000, 0x00000000e2700000, 0x00000000e2700000|100%| O|  |TAMS 0x00000000e2700000, 0x00000000e2700000| Untracked 
|  39|0x00000000e2700000, 0x00000000e2800000, 0x00000000e2800000|100%| O|  |TAMS 0x00000000e2800000, 0x00000000e2800000| Untracked 
|  40|0x00000000e2800000, 0x00000000e2900000, 0x00000000e2900000|100%| O|  |TAMS 0x00000000e2900000, 0x00000000e2900000| Untracked 
|  41|0x00000000e2900000, 0x00000000e2a00000, 0x00000000e2a00000|100%| O|  |TAMS 0x00000000e2a00000, 0x00000000e2a00000| Untracked 
|  42|0x00000000e2a00000, 0x00000000e2b00000, 0x00000000e2b00000|100%| O|  |TAMS 0x00000000e2b00000, 0x00000000e2b00000| Untracked 
|  43|0x00000000e2b00000, 0x00000000e2c00000, 0x00000000e2c00000|100%| O|  |TAMS 0x00000000e2c00000, 0x00000000e2c00000| Untracked 
|  44|0x00000000e2c00000, 0x00000000e2c00000, 0x00000000e2d00000|  0%| F|  |TAMS 0x00000000e2c00000, 0x00000000e2c00000| Untracked 
|  45|0x00000000e2d00000, 0x00000000e2d00000, 0x00000000e2e00000|  0%| F|  |TAMS 0x00000000e2d00000, 0x00000000e2d00000| Untracked 
|  46|0x00000000e2e00000, 0x00000000e2e00000, 0x00000000e2f00000|  0%| F|  |TAMS 0x00000000e2e00000, 0x00000000e2e00000| Untracked 
|  47|0x00000000e2f00000, 0x00000000e3000000, 0x00000000e3000000|100%| O|  |TAMS 0x00000000e3000000, 0x00000000e3000000| Untracked 
|  48|0x00000000e3000000, 0x00000000e3100000, 0x00000000e3100000|100%| O|  |TAMS 0x00000000e3100000, 0x00000000e3100000| Untracked 
|  49|0x00000000e3100000, 0x00000000e3100000, 0x00000000e3200000|  0%| F|  |TAMS 0x00000000e3100000, 0x00000000e3100000| Untracked 
|  50|0x00000000e3200000, 0x00000000e3300000, 0x00000000e3300000|100%| O|  |TAMS 0x00000000e3300000, 0x00000000e3300000| Untracked 
|  51|0x00000000e3300000, 0x00000000e3300000, 0x00000000e3400000|  0%| F|  |TAMS 0x00000000e3300000, 0x00000000e3300000| Untracked 
|  52|0x00000000e3400000, 0x00000000e3500000, 0x00000000e3500000|100%|HS|  |TAMS 0x00000000e3500000, 0x00000000e3500000| Complete 
|  53|0x00000000e3500000, 0x00000000e3600000, 0x00000000e3600000|100%|HC|  |TAMS 0x00000000e3600000, 0x00000000e3600000| Complete 
|  54|0x00000000e3600000, 0x00000000e3700000, 0x00000000e3700000|100%| O|  |TAMS 0x00000000e3700000, 0x00000000e3700000| Untracked 
|  55|0x00000000e3700000, 0x00000000e3800000, 0x00000000e3800000|100%| O|  |TAMS 0x00000000e3800000, 0x00000000e3800000| Untracked 
|  56|0x00000000e3800000, 0x00000000e3900000, 0x00000000e3900000|100%| O|  |TAMS 0x00000000e3900000, 0x00000000e3900000| Untracked 
|  57|0x00000000e3900000, 0x00000000e3a00000, 0x00000000e3a00000|100%| O|  |TAMS 0x00000000e3a00000, 0x00000000e3a00000| Untracked 
|  58|0x00000000e3a00000, 0x00000000e3a00000, 0x00000000e3b00000|  0%| F|  |TAMS 0x00000000e3a00000, 0x00000000e3a00000| Untracked 
|  59|0x00000000e3b00000, 0x00000000e3c00000, 0x00000000e3c00000|100%| O|  |TAMS 0x00000000e3c00000, 0x00000000e3c00000| Untracked 
|  60|0x00000000e3c00000, 0x00000000e3d00000, 0x00000000e3d00000|100%| O|  |TAMS 0x00000000e3d00000, 0x00000000e3d00000| Untracked 
|  61|0x00000000e3d00000, 0x00000000e3e00000, 0x00000000e3e00000|100%| O|  |TAMS 0x00000000e3e00000, 0x00000000e3e00000| Untracked 
|  62|0x00000000e3e00000, 0x00000000e3e00000, 0x00000000e3f00000|  0%| F|  |TAMS 0x00000000e3e00000, 0x00000000e3e00000| Untracked 
|  63|0x00000000e3f00000, 0x00000000e4000000, 0x00000000e4000000|100%| O|  |TAMS 0x00000000e4000000, 0x00000000e4000000| Untracked 
|  64|0x00000000e4000000, 0x00000000e4100000, 0x00000000e4100000|100%| O|  |TAMS 0x00000000e4100000, 0x00000000e4100000| Untracked 
|  65|0x00000000e4100000, 0x00000000e4200000, 0x00000000e4200000|100%| O|  |TAMS 0x00000000e4200000, 0x00000000e4200000| Untracked 
|  66|0x00000000e4200000, 0x00000000e4300000, 0x00000000e4300000|100%| O|  |TAMS 0x00000000e4300000, 0x00000000e4300000| Untracked 
|  67|0x00000000e4300000, 0x00000000e4400000, 0x00000000e4400000|100%| O|  |TAMS 0x00000000e4400000, 0x00000000e4400000| Untracked 
|  68|0x00000000e4400000, 0x00000000e4400000, 0x00000000e4500000|  0%| F|  |TAMS 0x00000000e4400000, 0x00000000e4400000| Untracked 
|  69|0x00000000e4500000, 0x00000000e4600000, 0x00000000e4600000|100%| O|  |TAMS 0x00000000e4600000, 0x00000000e4600000| Untracked 
|  70|0x00000000e4600000, 0x00000000e4600000, 0x00000000e4700000|  0%| F|  |TAMS 0x00000000e4600000, 0x00000000e4600000| Untracked 
|  71|0x00000000e4700000, 0x00000000e4800000, 0x00000000e4800000|100%| O|  |TAMS 0x00000000e4800000, 0x00000000e4800000| Untracked 
|  72|0x00000000e4800000, 0x00000000e4900000, 0x00000000e4900000|100%| O|  |TAMS 0x00000000e4800000, 0x00000000e4900000| Untracked 
|  73|0x00000000e4900000, 0x00000000e4a00000, 0x00000000e4a00000|100%| O|  |TAMS 0x00000000e4a00000, 0x00000000e4a00000| Untracked 
|  74|0x00000000e4a00000, 0x00000000e4b00000, 0x00000000e4b00000|100%| O|  |TAMS 0x00000000e4b00000, 0x00000000e4b00000| Untracked 
|  75|0x00000000e4b00000, 0x00000000e4c00000, 0x00000000e4c00000|100%| O|  |TAMS 0x00000000e4c00000, 0x00000000e4c00000| Untracked 
|  76|0x00000000e4c00000, 0x00000000e4c00000, 0x00000000e4d00000|  0%| F|  |TAMS 0x00000000e4c00000, 0x00000000e4c00000| Untracked 
|  77|0x00000000e4d00000, 0x00000000e4e00000, 0x00000000e4e00000|100%| O|  |TAMS 0x00000000e4d00000, 0x00000000e4e00000| Untracked 
|  78|0x00000000e4e00000, 0x00000000e4f00000, 0x00000000e4f00000|100%| O|  |TAMS 0x00000000e4e00000, 0x00000000e4f00000| Untracked 
|  79|0x00000000e4f00000, 0x00000000e5000000, 0x00000000e5000000|100%| O|  |TAMS 0x00000000e5000000, 0x00000000e5000000| Untracked 
|  80|0x00000000e5000000, 0x00000000e5100000, 0x00000000e5100000|100%| O|  |TAMS 0x00000000e5100000, 0x00000000e5100000| Untracked 
|  81|0x00000000e5100000, 0x00000000e5200000, 0x00000000e5200000|100%| O|  |TAMS 0x00000000e5100000, 0x00000000e5200000| Untracked 
|  82|0x00000000e5200000, 0x00000000e5200000, 0x00000000e5300000|  0%| F|  |TAMS 0x00000000e5200000, 0x00000000e5200000| Untracked 
|  83|0x00000000e5300000, 0x00000000e5300000, 0x00000000e5400000|  0%| F|  |TAMS 0x00000000e5300000, 0x00000000e5300000| Untracked 
|  84|0x00000000e5400000, 0x00000000e5500000, 0x00000000e5500000|100%| O|  |TAMS 0x00000000e5400000, 0x00000000e5500000| Untracked 
|  85|0x00000000e5500000, 0x00000000e5500000, 0x00000000e5600000|  0%| F|  |TAMS 0x00000000e5500000, 0x00000000e5500000| Untracked 
|  86|0x00000000e5600000, 0x00000000e5700000, 0x00000000e5700000|100%| O|  |TAMS 0x00000000e5600000, 0x00000000e5700000| Untracked 
|  87|0x00000000e5700000, 0x00000000e5800000, 0x00000000e5800000|100%| O|  |TAMS 0x00000000e5700000, 0x00000000e5800000| Untracked 
|  88|0x00000000e5800000, 0x00000000e5800000, 0x00000000e5900000|  0%| F|  |TAMS 0x00000000e5800000, 0x00000000e5800000| Untracked 
|  89|0x00000000e5900000, 0x00000000e5a00000, 0x00000000e5a00000|100%| O|  |TAMS 0x00000000e5a00000, 0x00000000e5a00000| Untracked 
|  90|0x00000000e5a00000, 0x00000000e5a7cc00, 0x00000000e5b00000| 48%| O|  |TAMS 0x00000000e5a00000, 0x00000000e5a7cc00| Untracked 
|  91|0x00000000e5b00000, 0x00000000e5c00000, 0x00000000e5c00000|100%| O|  |TAMS 0x00000000e5c00000, 0x00000000e5c00000| Untracked 
|  92|0x00000000e5c00000, 0x00000000e5d00000, 0x00000000e5d00000|100%| O|  |TAMS 0x00000000e5d00000, 0x00000000e5d00000| Untracked 
|  93|0x00000000e5d00000, 0x00000000e5e00000, 0x00000000e5e00000|100%| O|  |TAMS 0x00000000e5e00000, 0x00000000e5e00000| Untracked 
|  94|0x00000000e5e00000, 0x00000000e5e00000, 0x00000000e5f00000|  0%| F|  |TAMS 0x00000000e5e00000, 0x00000000e5e00000| Untracked 
|  95|0x00000000e5f00000, 0x00000000e5f00000, 0x00000000e6000000|  0%| F|  |TAMS 0x00000000e5f00000, 0x00000000e5f00000| Untracked 
|  96|0x00000000e6000000, 0x00000000e6100000, 0x00000000e6100000|100%| O|  |TAMS 0x00000000e6100000, 0x00000000e6100000| Untracked 
|  97|0x00000000e6100000, 0x00000000e6200000, 0x00000000e6200000|100%| O|  |TAMS 0x00000000e6200000, 0x00000000e6200000| Untracked 
|  98|0x00000000e6200000, 0x00000000e6200000, 0x00000000e6300000|  0%| F|  |TAMS 0x00000000e6200000, 0x00000000e6200000| Untracked 
|  99|0x00000000e6300000, 0x00000000e6400000, 0x00000000e6400000|100%| O|  |TAMS 0x00000000e6400000, 0x00000000e6400000| Untracked 
| 100|0x00000000e6400000, 0x00000000e6400000, 0x00000000e6500000|  0%| F|  |TAMS 0x00000000e6400000, 0x00000000e6400000| Untracked 
| 101|0x00000000e6500000, 0x00000000e6500000, 0x00000000e6600000|  0%| F|  |TAMS 0x00000000e6500000, 0x00000000e6500000| Untracked 
| 102|0x00000000e6600000, 0x00000000e6700000, 0x00000000e6700000|100%| O|  |TAMS 0x00000000e6700000, 0x00000000e6700000| Untracked 
| 103|0x00000000e6700000, 0x00000000e6800000, 0x00000000e6800000|100%| O|  |TAMS 0x00000000e6800000, 0x00000000e6800000| Untracked 
| 104|0x00000000e6800000, 0x00000000e6900000, 0x00000000e6900000|100%| O|  |TAMS 0x00000000e6900000, 0x00000000e6900000| Untracked 
| 105|0x00000000e6900000, 0x00000000e6a00000, 0x00000000e6a00000|100%| O|  |TAMS 0x00000000e6a00000, 0x00000000e6a00000| Untracked 
| 106|0x00000000e6a00000, 0x00000000e6b00000, 0x00000000e6b00000|100%| O|  |TAMS 0x00000000e6a9ae00, 0x00000000e6b00000| Untracked 
| 107|0x00000000e6b00000, 0x00000000e6b00000, 0x00000000e6c00000|  0%| F|  |TAMS 0x00000000e6b00000, 0x00000000e6b00000| Untracked 
| 108|0x00000000e6c00000, 0x00000000e6c00000, 0x00000000e6d00000|  0%| F|  |TAMS 0x00000000e6c00000, 0x00000000e6c00000| Untracked 
| 109|0x00000000e6d00000, 0x00000000e6d00000, 0x00000000e6e00000|  0%| F|  |TAMS 0x00000000e6d00000, 0x00000000e6d00000| Untracked 
| 110|0x00000000e6e00000, 0x00000000e6e00000, 0x00000000e6f00000|  0%| F|  |TAMS 0x00000000e6e00000, 0x00000000e6e00000| Untracked 
| 111|0x00000000e6f00000, 0x00000000e6f00000, 0x00000000e7000000|  0%| F|  |TAMS 0x00000000e6f00000, 0x00000000e6f00000| Untracked 
| 112|0x00000000e7000000, 0x00000000e7100000, 0x00000000e7100000|100%| O|  |TAMS 0x00000000e7100000, 0x00000000e7100000| Untracked 
| 113|0x00000000e7100000, 0x00000000e7200000, 0x00000000e7200000|100%| O|  |TAMS 0x00000000e7200000, 0x00000000e7200000| Untracked 
| 114|0x00000000e7200000, 0x00000000e7200000, 0x00000000e7300000|  0%| F|  |TAMS 0x00000000e7200000, 0x00000000e7200000| Untracked 
| 115|0x00000000e7300000, 0x00000000e7300000, 0x00000000e7400000|  0%| F|  |TAMS 0x00000000e7300000, 0x00000000e7300000| Untracked 
| 116|0x00000000e7400000, 0x00000000e7400000, 0x00000000e7500000|  0%| F|  |TAMS 0x00000000e7400000, 0x00000000e7400000| Untracked 
| 117|0x00000000e7500000, 0x00000000e7500000, 0x00000000e7600000|  0%| F|  |TAMS 0x00000000e7500000, 0x00000000e7500000| Untracked 
| 118|0x00000000e7600000, 0x00000000e7600000, 0x00000000e7700000|  0%| F|  |TAMS 0x00000000e7600000, 0x00000000e7600000| Untracked 
| 119|0x00000000e7700000, 0x00000000e7700000, 0x00000000e7800000|  0%| F|  |TAMS 0x00000000e7700000, 0x00000000e7700000| Untracked 
| 120|0x00000000e7800000, 0x00000000e7900000, 0x00000000e7900000|100%| O|  |TAMS 0x00000000e7900000, 0x00000000e7900000| Untracked 
| 121|0x00000000e7900000, 0x00000000e7a00000, 0x00000000e7a00000|100%| O|  |TAMS 0x00000000e7a00000, 0x00000000e7a00000| Untracked 
| 122|0x00000000e7a00000, 0x00000000e7b00000, 0x00000000e7b00000|100%| O|  |TAMS 0x00000000e7b00000, 0x00000000e7b00000| Untracked 
| 123|0x00000000e7b00000, 0x00000000e7c00000, 0x00000000e7c00000|100%| O|  |TAMS 0x00000000e7c00000, 0x00000000e7c00000| Untracked 
| 124|0x00000000e7c00000, 0x00000000e7c00000, 0x00000000e7d00000|  0%| F|  |TAMS 0x00000000e7c00000, 0x00000000e7c00000| Untracked 
| 125|0x00000000e7d00000, 0x00000000e7d00000, 0x00000000e7e00000|  0%| F|  |TAMS 0x00000000e7d00000, 0x00000000e7d00000| Untracked 
| 126|0x00000000e7e00000, 0x00000000e7f00000, 0x00000000e7f00000|100%| O|  |TAMS 0x00000000e7f00000, 0x00000000e7f00000| Untracked 
| 127|0x00000000e7f00000, 0x00000000e7f00000, 0x00000000e8000000|  0%| F|  |TAMS 0x00000000e7f00000, 0x00000000e7f00000| Untracked 
| 128|0x00000000e8000000, 0x00000000e8000000, 0x00000000e8100000|  0%| F|  |TAMS 0x00000000e8000000, 0x00000000e8000000| Untracked 
| 129|0x00000000e8100000, 0x00000000e8100000, 0x00000000e8200000|  0%| F|  |TAMS 0x00000000e8100000, 0x00000000e8100000| Untracked 
| 130|0x00000000e8200000, 0x00000000e8300000, 0x00000000e8300000|100%| O|  |TAMS 0x00000000e8300000, 0x00000000e8300000| Untracked 
| 131|0x00000000e8300000, 0x00000000e8400000, 0x00000000e8400000|100%| O|  |TAMS 0x00000000e8400000, 0x00000000e8400000| Untracked 
| 132|0x00000000e8400000, 0x00000000e8400000, 0x00000000e8500000|  0%| F|  |TAMS 0x00000000e8400000, 0x00000000e8400000| Untracked 
| 133|0x00000000e8500000, 0x00000000e8500000, 0x00000000e8600000|  0%| F|  |TAMS 0x00000000e8500000, 0x00000000e8500000| Untracked 
| 134|0x00000000e8600000, 0x00000000e8600000, 0x00000000e8700000|  0%| F|  |TAMS 0x00000000e8600000, 0x00000000e8600000| Untracked 
| 135|0x00000000e8700000, 0x00000000e8700000, 0x00000000e8800000|  0%| F|  |TAMS 0x00000000e8700000, 0x00000000e8700000| Untracked 
| 136|0x00000000e8800000, 0x00000000e8800000, 0x00000000e8900000|  0%| F|  |TAMS 0x00000000e8800000, 0x00000000e8800000| Untracked 
| 137|0x00000000e8900000, 0x00000000e8900000, 0x00000000e8a00000|  0%| F|  |TAMS 0x00000000e8900000, 0x00000000e8900000| Untracked 
| 138|0x00000000e8a00000, 0x00000000e8a00000, 0x00000000e8b00000|  0%| F|  |TAMS 0x00000000e8a00000, 0x00000000e8a00000| Untracked 
| 139|0x00000000e8b00000, 0x00000000e8b6cdb0, 0x00000000e8c00000| 42%| S|CS|TAMS 0x00000000e8b00000, 0x00000000e8b00000| Complete 
| 140|0x00000000e8c00000, 0x00000000e8d00000, 0x00000000e8d00000|100%| S|CS|TAMS 0x00000000e8c00000, 0x00000000e8c00000| Complete 
| 141|0x00000000e8d00000, 0x00000000e8e00000, 0x00000000e8e00000|100%| S|CS|TAMS 0x00000000e8d00000, 0x00000000e8d00000| Complete 
| 142|0x00000000e8e00000, 0x00000000e8f00000, 0x00000000e8f00000|100%| S|CS|TAMS 0x00000000e8e00000, 0x00000000e8e00000| Complete 
| 143|0x00000000e8f00000, 0x00000000e9000000, 0x00000000e9000000|100%| S|CS|TAMS 0x00000000e8f00000, 0x00000000e8f00000| Complete 
| 144|0x00000000e9000000, 0x00000000e9100000, 0x00000000e9100000|100%| S|CS|TAMS 0x00000000e9000000, 0x00000000e9000000| Complete 
| 145|0x00000000e9100000, 0x00000000e9200000, 0x00000000e9200000|100%| S|CS|TAMS 0x00000000e9100000, 0x00000000e9100000| Complete 
| 146|0x00000000e9200000, 0x00000000e9300000, 0x00000000e9300000|100%| S|CS|TAMS 0x00000000e9200000, 0x00000000e9200000| Complete 
| 147|0x00000000e9300000, 0x00000000e9400000, 0x00000000e9400000|100%| S|CS|TAMS 0x00000000e9300000, 0x00000000e9300000| Complete 
| 148|0x00000000e9400000, 0x00000000e9400000, 0x00000000e9500000|  0%| F|  |TAMS 0x00000000e9400000, 0x00000000e9400000| Untracked 
| 149|0x00000000e9500000, 0x00000000e9500000, 0x00000000e9600000|  0%| F|  |TAMS 0x00000000e9500000, 0x00000000e9500000| Untracked 
| 150|0x00000000e9600000, 0x00000000e9600000, 0x00000000e9700000|  0%| F|  |TAMS 0x00000000e9600000, 0x00000000e9600000| Untracked 
| 151|0x00000000e9700000, 0x00000000e9700000, 0x00000000e9800000|  0%| F|  |TAMS 0x00000000e9700000, 0x00000000e9700000| Untracked 
| 152|0x00000000e9800000, 0x00000000e9800000, 0x00000000e9900000|  0%| F|  |TAMS 0x00000000e9800000, 0x00000000e9800000| Untracked 
| 153|0x00000000e9900000, 0x00000000e9900000, 0x00000000e9a00000|  0%| F|  |TAMS 0x00000000e9900000, 0x00000000e9900000| Untracked 
| 154|0x00000000e9a00000, 0x00000000e9a00000, 0x00000000e9b00000|  0%| F|  |TAMS 0x00000000e9a00000, 0x00000000e9a00000| Untracked 
| 155|0x00000000e9b00000, 0x00000000e9b00000, 0x00000000e9c00000|  0%| F|  |TAMS 0x00000000e9b00000, 0x00000000e9b00000| Untracked 
| 156|0x00000000e9c00000, 0x00000000e9c00000, 0x00000000e9d00000|  0%| F|  |TAMS 0x00000000e9c00000, 0x00000000e9c00000| Untracked 
| 157|0x00000000e9d00000, 0x00000000e9d00000, 0x00000000e9e00000|  0%| F|  |TAMS 0x00000000e9d00000, 0x00000000e9d00000| Untracked 
| 158|0x00000000e9e00000, 0x00000000e9e00000, 0x00000000e9f00000|  0%| F|  |TAMS 0x00000000e9e00000, 0x00000000e9e00000| Untracked 
| 159|0x00000000e9f00000, 0x00000000e9f00000, 0x00000000ea000000|  0%| F|  |TAMS 0x00000000e9f00000, 0x00000000e9f00000| Untracked 
| 160|0x00000000ea000000, 0x00000000ea000000, 0x00000000ea100000|  0%| F|  |TAMS 0x00000000ea000000, 0x00000000ea000000| Untracked 
| 161|0x00000000ea100000, 0x00000000ea100000, 0x00000000ea200000|  0%| F|  |TAMS 0x00000000ea100000, 0x00000000ea100000| Untracked 
| 162|0x00000000ea200000, 0x00000000ea200000, 0x00000000ea300000|  0%| F|  |TAMS 0x00000000ea200000, 0x00000000ea200000| Untracked 
| 163|0x00000000ea300000, 0x00000000ea300000, 0x00000000ea400000|  0%| F|  |TAMS 0x00000000ea300000, 0x00000000ea300000| Untracked 
| 164|0x00000000ea400000, 0x00000000ea400000, 0x00000000ea500000|  0%| F|  |TAMS 0x00000000ea400000, 0x00000000ea400000| Untracked 
| 165|0x00000000ea500000, 0x00000000ea500000, 0x00000000ea600000|  0%| F|  |TAMS 0x00000000ea500000, 0x00000000ea500000| Untracked 
| 166|0x00000000ea600000, 0x00000000ea600000, 0x00000000ea700000|  0%| F|  |TAMS 0x00000000ea600000, 0x00000000ea600000| Untracked 
| 167|0x00000000ea700000, 0x00000000ea700000, 0x00000000ea800000|  0%| F|  |TAMS 0x00000000ea700000, 0x00000000ea700000| Untracked 
| 168|0x00000000ea800000, 0x00000000ea800000, 0x00000000ea900000|  0%| F|  |TAMS 0x00000000ea800000, 0x00000000ea800000| Untracked 
| 169|0x00000000ea900000, 0x00000000ea900000, 0x00000000eaa00000|  0%| F|  |TAMS 0x00000000ea900000, 0x00000000ea900000| Untracked 
| 170|0x00000000eaa00000, 0x00000000eaa00000, 0x00000000eab00000|  0%| F|  |TAMS 0x00000000eaa00000, 0x00000000eaa00000| Untracked 
| 171|0x00000000eab00000, 0x00000000eab00000, 0x00000000eac00000|  0%| F|  |TAMS 0x00000000eab00000, 0x00000000eab00000| Untracked 
| 172|0x00000000eac00000, 0x00000000eac00000, 0x00000000ead00000|  0%| F|  |TAMS 0x00000000eac00000, 0x00000000eac00000| Untracked 
| 173|0x00000000ead00000, 0x00000000ead00000, 0x00000000eae00000|  0%| F|  |TAMS 0x00000000ead00000, 0x00000000ead00000| Untracked 
| 174|0x00000000eae00000, 0x00000000eae00000, 0x00000000eaf00000|  0%| F|  |TAMS 0x00000000eae00000, 0x00000000eae00000| Untracked 
| 175|0x00000000eaf00000, 0x00000000eaf00000, 0x00000000eb000000|  0%| F|  |TAMS 0x00000000eaf00000, 0x00000000eaf00000| Untracked 
| 176|0x00000000eb000000, 0x00000000eb000000, 0x00000000eb100000|  0%| F|  |TAMS 0x00000000eb000000, 0x00000000eb000000| Untracked 
| 177|0x00000000eb100000, 0x00000000eb100000, 0x00000000eb200000|  0%| F|  |TAMS 0x00000000eb100000, 0x00000000eb100000| Untracked 
| 178|0x00000000eb200000, 0x00000000eb200000, 0x00000000eb300000|  0%| F|  |TAMS 0x00000000eb200000, 0x00000000eb200000| Untracked 
| 179|0x00000000eb300000, 0x00000000eb300000, 0x00000000eb400000|  0%| F|  |TAMS 0x00000000eb300000, 0x00000000eb300000| Untracked 
| 180|0x00000000eb400000, 0x00000000eb400000, 0x00000000eb500000|  0%| F|  |TAMS 0x00000000eb400000, 0x00000000eb400000| Untracked 
| 181|0x00000000eb500000, 0x00000000eb500000, 0x00000000eb600000|  0%| F|  |TAMS 0x00000000eb500000, 0x00000000eb500000| Untracked 
| 182|0x00000000eb600000, 0x00000000eb600000, 0x00000000eb700000|  0%| F|  |TAMS 0x00000000eb600000, 0x00000000eb600000| Untracked 
| 183|0x00000000eb700000, 0x00000000eb700000, 0x00000000eb800000|  0%| F|  |TAMS 0x00000000eb700000, 0x00000000eb700000| Untracked 
| 184|0x00000000eb800000, 0x00000000eb800000, 0x00000000eb900000|  0%| F|  |TAMS 0x00000000eb800000, 0x00000000eb800000| Untracked 
| 185|0x00000000eb900000, 0x00000000eb900000, 0x00000000eba00000|  0%| F|  |TAMS 0x00000000eb900000, 0x00000000eb900000| Untracked 
| 186|0x00000000eba00000, 0x00000000eba00000, 0x00000000ebb00000|  0%| F|  |TAMS 0x00000000eba00000, 0x00000000eba00000| Untracked 
| 187|0x00000000ebb00000, 0x00000000ebb00000, 0x00000000ebc00000|  0%| F|  |TAMS 0x00000000ebb00000, 0x00000000ebb00000| Untracked 
| 188|0x00000000ebc00000, 0x00000000ebc00000, 0x00000000ebd00000|  0%| F|  |TAMS 0x00000000ebc00000, 0x00000000ebc00000| Untracked 
| 189|0x00000000ebd00000, 0x00000000ebd00000, 0x00000000ebe00000|  0%| F|  |TAMS 0x00000000ebd00000, 0x00000000ebd00000| Untracked 
| 190|0x00000000ebe00000, 0x00000000ebe00000, 0x00000000ebf00000|  0%| F|  |TAMS 0x00000000ebe00000, 0x00000000ebe00000| Untracked 
| 191|0x00000000ebf00000, 0x00000000ebf00000, 0x00000000ec000000|  0%| F|  |TAMS 0x00000000ebf00000, 0x00000000ebf00000| Untracked 
| 192|0x00000000ec000000, 0x00000000ec000000, 0x00000000ec100000|  0%| F|  |TAMS 0x00000000ec000000, 0x00000000ec000000| Untracked 
| 193|0x00000000ec100000, 0x00000000ec100000, 0x00000000ec200000|  0%| F|  |TAMS 0x00000000ec100000, 0x00000000ec100000| Untracked 
| 194|0x00000000ec200000, 0x00000000ec200000, 0x00000000ec300000|  0%| F|  |TAMS 0x00000000ec200000, 0x00000000ec200000| Untracked 
| 195|0x00000000ec300000, 0x00000000ec300000, 0x00000000ec400000|  0%| F|  |TAMS 0x00000000ec300000, 0x00000000ec300000| Untracked 
| 196|0x00000000ec400000, 0x00000000ec400000, 0x00000000ec500000|  0%| F|  |TAMS 0x00000000ec400000, 0x00000000ec400000| Untracked 
| 197|0x00000000ec500000, 0x00000000ec500000, 0x00000000ec600000|  0%| F|  |TAMS 0x00000000ec500000, 0x00000000ec500000| Untracked 
| 198|0x00000000ec600000, 0x00000000ec600000, 0x00000000ec700000|  0%| F|  |TAMS 0x00000000ec600000, 0x00000000ec600000| Untracked 
| 199|0x00000000ec700000, 0x00000000ec700000, 0x00000000ec800000|  0%| F|  |TAMS 0x00000000ec700000, 0x00000000ec700000| Untracked 
| 200|0x00000000ec800000, 0x00000000ec800000, 0x00000000ec900000|  0%| F|  |TAMS 0x00000000ec800000, 0x00000000ec800000| Untracked 
| 201|0x00000000ec900000, 0x00000000ec900000, 0x00000000eca00000|  0%| F|  |TAMS 0x00000000ec900000, 0x00000000ec900000| Untracked 
| 202|0x00000000eca00000, 0x00000000eca00000, 0x00000000ecb00000|  0%| F|  |TAMS 0x00000000eca00000, 0x00000000eca00000| Untracked 
| 203|0x00000000ecb00000, 0x00000000ecb00000, 0x00000000ecc00000|  0%| F|  |TAMS 0x00000000ecb00000, 0x00000000ecb00000| Untracked 
| 204|0x00000000ecc00000, 0x00000000ecc00000, 0x00000000ecd00000|  0%| F|  |TAMS 0x00000000ecc00000, 0x00000000ecc00000| Untracked 
| 205|0x00000000ecd00000, 0x00000000ecd00000, 0x00000000ece00000|  0%| F|  |TAMS 0x00000000ecd00000, 0x00000000ecd00000| Untracked 
| 206|0x00000000ece00000, 0x00000000ece00000, 0x00000000ecf00000|  0%| F|  |TAMS 0x00000000ece00000, 0x00000000ece00000| Untracked 
| 207|0x00000000ecf00000, 0x00000000ecf00000, 0x00000000ed000000|  0%| F|  |TAMS 0x00000000ecf00000, 0x00000000ecf00000| Untracked 
| 208|0x00000000ed000000, 0x00000000ed000000, 0x00000000ed100000|  0%| F|  |TAMS 0x00000000ed000000, 0x00000000ed000000| Untracked 
| 209|0x00000000ed100000, 0x00000000ed100000, 0x00000000ed200000|  0%| F|  |TAMS 0x00000000ed100000, 0x00000000ed100000| Untracked 
| 210|0x00000000ed200000, 0x00000000ed200000, 0x00000000ed300000|  0%| F|  |TAMS 0x00000000ed200000, 0x00000000ed200000| Untracked 
| 211|0x00000000ed300000, 0x00000000ed300000, 0x00000000ed400000|  0%| F|  |TAMS 0x00000000ed300000, 0x00000000ed300000| Untracked 
| 212|0x00000000ed400000, 0x00000000ed400000, 0x00000000ed500000|  0%| F|  |TAMS 0x00000000ed400000, 0x00000000ed400000| Untracked 
| 213|0x00000000ed500000, 0x00000000ed500000, 0x00000000ed600000|  0%| F|  |TAMS 0x00000000ed500000, 0x00000000ed500000| Untracked 
| 214|0x00000000ed600000, 0x00000000ed600000, 0x00000000ed700000|  0%| F|  |TAMS 0x00000000ed600000, 0x00000000ed600000| Untracked 
| 215|0x00000000ed700000, 0x00000000ed700000, 0x00000000ed800000|  0%| F|  |TAMS 0x00000000ed700000, 0x00000000ed700000| Untracked 
| 216|0x00000000ed800000, 0x00000000ed800000, 0x00000000ed900000|  0%| F|  |TAMS 0x00000000ed800000, 0x00000000ed800000| Untracked 
| 217|0x00000000ed900000, 0x00000000ed900000, 0x00000000eda00000|  0%| F|  |TAMS 0x00000000ed900000, 0x00000000ed900000| Untracked 
| 218|0x00000000eda00000, 0x00000000eda00000, 0x00000000edb00000|  0%| F|  |TAMS 0x00000000eda00000, 0x00000000eda00000| Untracked 
| 219|0x00000000edb00000, 0x00000000edb00000, 0x00000000edc00000|  0%| F|  |TAMS 0x00000000edb00000, 0x00000000edb00000| Untracked 
| 220|0x00000000edc00000, 0x00000000edc00000, 0x00000000edd00000|  0%| F|  |TAMS 0x00000000edc00000, 0x00000000edc00000| Untracked 
| 221|0x00000000edd00000, 0x00000000edd00000, 0x00000000ede00000|  0%| F|  |TAMS 0x00000000edd00000, 0x00000000edd00000| Untracked 
| 222|0x00000000ede00000, 0x00000000ede00000, 0x00000000edf00000|  0%| F|  |TAMS 0x00000000ede00000, 0x00000000ede00000| Untracked 
| 223|0x00000000edf00000, 0x00000000edf00000, 0x00000000ee000000|  0%| F|  |TAMS 0x00000000edf00000, 0x00000000edf00000| Untracked 
| 224|0x00000000ee000000, 0x00000000ee000000, 0x00000000ee100000|  0%| F|  |TAMS 0x00000000ee000000, 0x00000000ee000000| Untracked 
| 225|0x00000000ee100000, 0x00000000ee100000, 0x00000000ee200000|  0%| F|  |TAMS 0x00000000ee100000, 0x00000000ee100000| Untracked 
| 226|0x00000000ee200000, 0x00000000ee200000, 0x00000000ee300000|  0%| F|  |TAMS 0x00000000ee200000, 0x00000000ee200000| Untracked 
| 227|0x00000000ee300000, 0x00000000ee300000, 0x00000000ee400000|  0%| F|  |TAMS 0x00000000ee300000, 0x00000000ee300000| Untracked 
| 228|0x00000000ee400000, 0x00000000ee400000, 0x00000000ee500000|  0%| F|  |TAMS 0x00000000ee400000, 0x00000000ee400000| Untracked 
| 229|0x00000000ee500000, 0x00000000ee500000, 0x00000000ee600000|  0%| F|  |TAMS 0x00000000ee500000, 0x00000000ee500000| Untracked 
| 230|0x00000000ee600000, 0x00000000ee600000, 0x00000000ee700000|  0%| F|  |TAMS 0x00000000ee600000, 0x00000000ee600000| Untracked 
| 231|0x00000000ee700000, 0x00000000ee700000, 0x00000000ee800000|  0%| F|  |TAMS 0x00000000ee700000, 0x00000000ee700000| Untracked 
| 232|0x00000000ee800000, 0x00000000ee800000, 0x00000000ee900000|  0%| F|  |TAMS 0x00000000ee800000, 0x00000000ee800000| Untracked 
| 233|0x00000000ee900000, 0x00000000ee900000, 0x00000000eea00000|  0%| F|  |TAMS 0x00000000ee900000, 0x00000000ee900000| Untracked 
| 234|0x00000000eea00000, 0x00000000eea00000, 0x00000000eeb00000|  0%| F|  |TAMS 0x00000000eea00000, 0x00000000eea00000| Untracked 
| 235|0x00000000eeb00000, 0x00000000eeb00000, 0x00000000eec00000|  0%| F|  |TAMS 0x00000000eeb00000, 0x00000000eeb00000| Untracked 
| 236|0x00000000eec00000, 0x00000000eec00000, 0x00000000eed00000|  0%| F|  |TAMS 0x00000000eec00000, 0x00000000eec00000| Untracked 
| 237|0x00000000eed00000, 0x00000000eed00000, 0x00000000eee00000|  0%| F|  |TAMS 0x00000000eed00000, 0x00000000eed00000| Untracked 
| 238|0x00000000eee00000, 0x00000000eee00000, 0x00000000eef00000|  0%| F|  |TAMS 0x00000000eee00000, 0x00000000eee00000| Untracked 
| 239|0x00000000eef00000, 0x00000000eef00000, 0x00000000ef000000|  0%| F|  |TAMS 0x00000000eef00000, 0x00000000eef00000| Untracked 
| 240|0x00000000ef000000, 0x00000000ef000000, 0x00000000ef100000|  0%| F|  |TAMS 0x00000000ef000000, 0x00000000ef000000| Untracked 
| 241|0x00000000ef100000, 0x00000000ef100000, 0x00000000ef200000|  0%| F|  |TAMS 0x00000000ef100000, 0x00000000ef100000| Untracked 
| 242|0x00000000ef200000, 0x00000000ef200000, 0x00000000ef300000|  0%| F|  |TAMS 0x00000000ef200000, 0x00000000ef200000| Untracked 
| 243|0x00000000ef300000, 0x00000000ef300000, 0x00000000ef400000|  0%| F|  |TAMS 0x00000000ef300000, 0x00000000ef300000| Untracked 
| 244|0x00000000ef400000, 0x00000000ef400000, 0x00000000ef500000|  0%| F|  |TAMS 0x00000000ef400000, 0x00000000ef400000| Untracked 
| 245|0x00000000ef500000, 0x00000000ef500000, 0x00000000ef600000|  0%| F|  |TAMS 0x00000000ef500000, 0x00000000ef500000| Untracked 
| 246|0x00000000ef600000, 0x00000000ef600000, 0x00000000ef700000|  0%| F|  |TAMS 0x00000000ef600000, 0x00000000ef600000| Untracked 
| 247|0x00000000ef700000, 0x00000000ef700000, 0x00000000ef800000|  0%| F|  |TAMS 0x00000000ef700000, 0x00000000ef700000| Untracked 
| 248|0x00000000ef800000, 0x00000000ef800000, 0x00000000ef900000|  0%| F|  |TAMS 0x00000000ef800000, 0x00000000ef800000| Untracked 
| 249|0x00000000ef900000, 0x00000000ef900000, 0x00000000efa00000|  0%| F|  |TAMS 0x00000000ef900000, 0x00000000ef900000| Untracked 
| 250|0x00000000efa00000, 0x00000000efa00000, 0x00000000efb00000|  0%| F|  |TAMS 0x00000000efa00000, 0x00000000efa00000| Untracked 
| 251|0x00000000efb00000, 0x00000000efb00000, 0x00000000efc00000|  0%| F|  |TAMS 0x00000000efb00000, 0x00000000efb00000| Untracked 
| 252|0x00000000efc00000, 0x00000000efc00000, 0x00000000efd00000|  0%| F|  |TAMS 0x00000000efc00000, 0x00000000efc00000| Untracked 
| 253|0x00000000efd00000, 0x00000000efd00000, 0x00000000efe00000|  0%| F|  |TAMS 0x00000000efd00000, 0x00000000efd00000| Untracked 
| 254|0x00000000efe00000, 0x00000000efe00000, 0x00000000eff00000|  0%| F|  |TAMS 0x00000000efe00000, 0x00000000efe00000| Untracked 
| 255|0x00000000eff00000, 0x00000000eff00000, 0x00000000f0000000|  0%| F|  |TAMS 0x00000000eff00000, 0x00000000eff00000| Untracked 
| 256|0x00000000f0000000, 0x00000000f0000000, 0x00000000f0100000|  0%| F|  |TAMS 0x00000000f0000000, 0x00000000f0000000| Untracked 
| 257|0x00000000f0100000, 0x00000000f0100000, 0x00000000f0200000|  0%| F|  |TAMS 0x00000000f0100000, 0x00000000f0100000| Untracked 
| 258|0x00000000f0200000, 0x00000000f0200000, 0x00000000f0300000|  0%| F|  |TAMS 0x00000000f0200000, 0x00000000f0200000| Untracked 
| 259|0x00000000f0300000, 0x00000000f0300000, 0x00000000f0400000|  0%| F|  |TAMS 0x00000000f0300000, 0x00000000f0300000| Untracked 
| 260|0x00000000f0400000, 0x00000000f0400000, 0x00000000f0500000|  0%| F|  |TAMS 0x00000000f0400000, 0x00000000f0400000| Untracked 
| 261|0x00000000f0500000, 0x00000000f0500000, 0x00000000f0600000|  0%| F|  |TAMS 0x00000000f0500000, 0x00000000f0500000| Untracked 
| 262|0x00000000f0600000, 0x00000000f0600000, 0x00000000f0700000|  0%| F|  |TAMS 0x00000000f0600000, 0x00000000f0600000| Untracked 
| 263|0x00000000f0700000, 0x00000000f07286c8, 0x00000000f0800000| 15%| E|  |TAMS 0x00000000f0700000, 0x00000000f0700000| Complete 
| 264|0x00000000f0800000, 0x00000000f0900000, 0x00000000f0900000|100%| E|CS|TAMS 0x00000000f0800000, 0x00000000f0800000| Complete 
| 265|0x00000000f0900000, 0x00000000f0a00000, 0x00000000f0a00000|100%| E|CS|TAMS 0x00000000f0900000, 0x00000000f0900000| Complete 

Card table byte_map: [0x0000026cff140000,0x0000026cff240000] _byte_map_base: 0x0000026cfea40000

Marking Bits (Prev, Next): (CMBitMap*) 0x0000026cfe95dcc0, (CMBitMap*) 0x0000026cfe95dc88
 Prev Bits: [0x0000026c973e0000, 0x0000026c97be0000)
 Next Bits: [0x0000026cff340000, 0x0000026cffb40000)

Polling page: 0x0000026cfcfe0000

Metaspace:

Usage:
  Non-class:    116.17 MB capacity,   113.76 MB ( 98%) used,     1.97 MB (  2%) free+waste,   456.44 KB ( <1%) overhead. 
      Class:     17.05 MB capacity,    15.55 MB ( 91%) used,     1.30 MB (  8%) free+waste,   199.94 KB (  1%) overhead. 
       Both:    133.22 MB capacity,   129.31 MB ( 97%) used,     3.27 MB (  2%) free+waste,   656.38 KB ( <1%) overhead. 

Virtual space:
  Non-class space:      118.00 MB reserved,     116.21 MB ( 98%) committed 
      Class space:      248.00 MB reserved,      17.13 MB (  7%) committed 
             Both:      366.00 MB reserved,     133.34 MB ( 36%) committed 

Chunk freelists:
   Non-Class:  4.63 KB
       Class:  0 bytes
        Both:  4.63 KB

CodeHeap 'non-profiled nmethods': size=120064Kb used=22733Kb max_used=23731Kb free=97330Kb
 bounds [0x0000026c8fea0000, 0x0000026c915e0000, 0x0000026c973e0000]
CodeHeap 'profiled nmethods': size=120000Kb used=54234Kb max_used=55907Kb free=65766Kb
 bounds [0x0000026c88970000, 0x0000026c8c040000, 0x0000026c8fea0000]
CodeHeap 'non-nmethods': size=5696Kb used=2365Kb max_used=2440Kb free=3330Kb
 bounds [0x0000026c883e0000, 0x0000026c88660000, 0x0000026c88970000]
 total_blobs=25600 nmethods=24610 adapters=899
 compilation: enabled
              stopped_count=0, restarted_count=0
 full_count=0

Compilation events (10 events):
Event: 16583.775 Thread 0x0000026c99dbf800 nmethod 30067% 0x0000026c900fae90 code [0x0000026c900fb080, 0x0000026c900fc438]
Event: 16583.776 Thread 0x0000026c99dbf800 30094       4       com.sun.org.apache.xerces.internal.util.XMLChar::isNameStart (22 bytes)
Event: 16583.777 Thread 0x0000026c99dbf800 nmethod 30094 0x0000026c900c6d10 code [0x0000026c900c6ea0, 0x0000026c900c6f38]
Event: 16583.777 Thread 0x0000026c99dbf800 30079       4       com.sun.org.apache.xerces.internal.impl.XMLScanner::isValidNameStartChar (5 bytes)
Event: 16583.777 Thread 0x0000026c99dbf800 nmethod 30079 0x0000026c900fab90 code [0x0000026c900fad20, 0x0000026c900fadd8]
Event: 16583.777 Thread 0x0000026c99dbf800 30121       4       com.sun.org.apache.xerces.internal.impl.dtd.XMLDTDValidator::handleEndElement (397 bytes)
Event: 16583.785 Thread 0x0000026c99dbf800 nmethod 30121 0x0000026c90149e10 code [0x0000026c90149fc0, 0x0000026c9014a708]
Event: 16583.786 Thread 0x0000026c99dbf800 30120       4       com.sun.org.apache.xerces.internal.impl.dtd.XMLDTDValidator::addDTDDefaultAttrsAndValidate (1018 bytes)
Event: 16583.788 Thread 0x0000026c99dbf800 nmethod 30120 0x0000026c900fa890 code [0x0000026c900faa20, 0x0000026c900faa98]
Event: 16583.788 Thread 0x0000026c99dbf800 30127       4       com.sun.org.apache.xerces.internal.impl.dtd.XMLDTDValidator::endElement (8 bytes)

GC Heap History (10 events):
Event: 11038.070 GC heap before
{Heap before GC invocations=69 (full 0):
 garbage-first heap   total 272384K, used 120427K [0x00000000e0000000, 0x0000000100000000)
  region size 1024K, 13 young (13312K), 10 survivors (10240K)
 Metaspace       used 131838K, capacity 135865K, committed 136024K, reserved 372736K
  class space    used 15902K, capacity 17430K, committed 17536K, reserved 253952K
}
Event: 11038.215 GC heap after
{Heap after GC invocations=70 (full 0):
 garbage-first heap   total 272384K, used 107115K [0x00000000e0000000, 0x0000000100000000)
  region size 1024K, 2 young (2048K), 2 survivors (2048K)
 Metaspace       used 131838K, capacity 135865K, committed 136024K, reserved 372736K
  class space    used 15902K, capacity 17430K, committed 17536K, reserved 253952K
}
Event: 11040.032 GC heap before
{Heap before GC invocations=70 (full 0):
 garbage-first heap   total 272384K, used 218731K [0x00000000e0000000, 0x0000000100000000)
  region size 1024K, 112 young (114688K), 2 survivors (2048K)
 Metaspace       used 131903K, capacity 135877K, committed 136024K, reserved 372736K
  class space    used 15906K, capacity 17435K, committed 17536K, reserved 253952K
}
Event: 11040.053 GC heap after
{Heap after GC invocations=71 (full 0):
 garbage-first heap   total 272384K, used 111144K [0x00000000e0000000, 0x0000000100000000)
  region size 1024K, 6 young (6144K), 6 survivors (6144K)
 Metaspace       used 131903K, capacity 135877K, committed 136024K, reserved 372736K
  class space    used 15906K, capacity 17435K, committed 17536K, reserved 253952K
}
Event: 15660.115 GC heap before
{Heap before GC invocations=72 (full 0):
 garbage-first heap   total 272384K, used 221736K [0x00000000e0000000, 0x0000000100000000)
  region size 1024K, 115 young (117760K), 6 survivors (6144K)
 Metaspace       used 131761K, capacity 135624K, committed 136024K, reserved 372736K
  class space    used 15855K, capacity 17325K, committed 17536K, reserved 253952K
}
Event: 15660.288 GC heap after
{Heap after GC invocations=73 (full 0):
 garbage-first heap   total 272384K, used 110187K [0x00000000e0000000, 0x0000000100000000)
  region size 1024K, 5 young (5120K), 5 survivors (5120K)
 Metaspace       used 131761K, capacity 135624K, committed 136024K, reserved 372736K
  class space    used 15855K, capacity 17325K, committed 17536K, reserved 253952K
}
Event: 16105.403 GC heap before
{Heap before GC invocations=73 (full 0):
 garbage-first heap   total 272384K, used 118379K [0x00000000e0000000, 0x0000000100000000)
  region size 1024K, 13 young (13312K), 5 survivors (5120K)
 Metaspace       used 131761K, capacity 135624K, committed 136024K, reserved 372736K
  class space    used 15855K, capacity 17325K, committed 17536K, reserved 253952K
}
Event: 16105.594 GC heap after
{Heap after GC invocations=74 (full 0):
 garbage-first heap   total 272384K, used 98803K [0x00000000e0000000, 0x0000000100000000)
  region size 1024K, 1 young (1024K), 1 survivors (1024K)
 Metaspace       used 131761K, capacity 135624K, committed 136024K, reserved 372736K
  class space    used 15855K, capacity 17325K, committed 17536K, reserved 253952K
}
Event: 16583.513 GC heap before
{Heap before GC invocations=74 (full 0):
 garbage-first heap   total 272384K, used 218611K [0x00000000e0000000, 0x0000000100000000)
  region size 1024K, 118 young (120832K), 1 survivors (1024K)
 Metaspace       used 132394K, capacity 136422K, committed 136536K, reserved 374784K
  class space    used 15925K, capacity 17459K, committed 17536K, reserved 253952K
}
Event: 16583.568 GC heap after
{Heap after GC invocations=75 (full 0):
 garbage-first heap   total 272384K, used 106406K [0x00000000e0000000, 0x0000000100000000)
  region size 1024K, 9 young (9216K), 9 survivors (9216K)
 Metaspace       used 132394K, capacity 136422K, committed 136536K, reserved 374784K
  class space    used 15925K, capacity 17459K, committed 17536K, reserved 253952K
}

Deoptimization events (10 events):
Event: 16583.372 Thread 0x0000026c9f095800 Uncommon trap: reason=class_check action=maybe_recompile pc=0x0000026c915c822c method=com.sun.org.apache.xerces.internal.impl.XMLDocumentFragmentScannerImpl.scanStartElement()Z @ 378 c2
Event: 16583.372 Thread 0x0000026c9f095800 Uncommon trap: reason=unstable_if action=reinterpret pc=0x0000026c8ff7c72c method=com.sun.org.apache.xerces.internal.impl.dtd.XMLDTDValidator.endNamespaceScope(Lcom/sun/org/apache/xerces/internal/xni/QName;Lcom/sun/org/apache/xerces/internal/xni/Augmentat
Event: 16583.372 Thread 0x0000026c9f095800 Uncommon trap: reason=class_check action=maybe_recompile pc=0x0000026c915c822c method=com.sun.org.apache.xerces.internal.impl.XMLDocumentFragmentScannerImpl.scanStartElement()Z @ 378 c2
Event: 16583.372 Thread 0x0000026c9f095800 Uncommon trap: reason=class_check action=maybe_recompile pc=0x0000026c915c822c method=com.sun.org.apache.xerces.internal.impl.XMLDocumentFragmentScannerImpl.scanStartElement()Z @ 378 c2
Event: 16583.448 Thread 0x0000026c9f095800 Uncommon trap: reason=unstable_if action=reinterpret pc=0x0000026c902d1850 method=com.sun.org.apache.xerces.internal.impl.XMLEntityScanner.scanName(Lcom/sun/org/apache/xerces/internal/impl/XMLScanner$NameType;)Ljava/lang/String; @ 69 c2
Event: 16583.476 Thread 0x0000026c9f095800 Uncommon trap: reason=class_check action=maybe_recompile pc=0x0000026c912e9e0c method=com.google.common.cache.LocalCache$Segment.get(Ljava/lang/Object;ILcom/google/common/cache/CacheLoader;)Ljava/lang/Object; @ 99 c2
Event: 16583.621 Thread 0x0000026c9f095800 Uncommon trap: reason=profile_predicate action=maybe_recompile pc=0x0000026c9019e7c0 method=org.apache.http.client.utils.URLEncodedUtils.urlDecode(Ljava/lang/String;Ljava/nio/charset/Charset;Z)Ljava/lang/String; @ 25 c2
Event: 16583.621 Thread 0x0000026c9f095800 Uncommon trap: reason=profile_predicate action=maybe_recompile pc=0x0000026c9019e7c0 method=org.apache.http.client.utils.URLEncodedUtils.urlDecode(Ljava/lang/String;Ljava/nio/charset/Charset;Z)Ljava/lang/String; @ 25 c2
Event: 16583.621 Thread 0x0000026c9f095800 Uncommon trap: reason=profile_predicate action=maybe_recompile pc=0x0000026c9019e7c0 method=org.apache.http.client.utils.URLEncodedUtils.urlDecode(Ljava/lang/String;Ljava/nio/charset/Charset;Z)Ljava/lang/String; @ 25 c2
Event: 16583.621 Thread 0x0000026c9f095800 Uncommon trap: reason=profile_predicate action=maybe_recompile pc=0x0000026c9019e7c0 method=org.apache.http.client.utils.URLEncodedUtils.urlDecode(Ljava/lang/String;Ljava/nio/charset/Charset;Z)Ljava/lang/String; @ 25 c2

Classes redefined (0 events):
No events

Internal exceptions (10 events):
Event: 11039.824 Thread 0x0000026c9f097000 Exception <a 'sun/nio/fs/WindowsException'{0x00000000ead7b300}> (0x00000000ead7b300) thrown at [./open/src/hotspot/share/prims/jni.cpp, line 611]
Event: 11039.824 Thread 0x0000026c9f097000 Exception <a 'sun/nio/fs/WindowsException'{0x00000000ead7ca30}> (0x00000000ead7ca30) thrown at [./open/src/hotspot/share/prims/jni.cpp, line 611]
Event: 11039.910 Thread 0x0000026ca44c0800 Exception <a 'sun/nio/fs/WindowsException'{0x00000000ea574b88}> (0x00000000ea574b88) thrown at [./open/src/hotspot/share/prims/jni.cpp, line 611]
Event: 11039.911 Thread 0x0000026ca44c0800 Exception <a 'sun/nio/fs/WindowsException'{0x00000000ea5757f8}> (0x00000000ea5757f8) thrown at [./open/src/hotspot/share/prims/jni.cpp, line 611]
Event: 16577.032 Thread 0x0000026c9f095800 Exception <a 'java/lang/NoSuchMethodError'{0x00000000ef96bd60}: java.lang.invoke.DelegatingMethodHandle$Holder.reinvoke_L(Ljava/lang/Object;Ljava/lang/Object;Ljava/lang/Object;Ljava/lang/Object;Ljava/lang/Object;Ljava/lang/Object;Ljava/lang/Object;Ljava/l
Event: 16577.050 Thread 0x0000026c9f095800 Exception <a 'java/lang/NoSuchMethodError'{0x00000000ef9e2290}: java.lang.invoke.DelegatingMethodHandle$Holder.reinvoke_L(Ljava/lang/Object;Ljava/lang/Object;Ljava/lang/Object;Ljava/lang/Object;Ljava/lang/Object;Ljava/lang/Object;Ljava/lang/Object;Ljava/l
Event: 16581.159 Thread 0x0000026c9c5f0000 Exception <a 'sun/nio/fs/WindowsException'{0x00000000ecee6310}> (0x00000000ecee6310) thrown at [./open/src/hotspot/share/prims/jni.cpp, line 611]
Event: 16581.160 Thread 0x0000026c9c5f0000 Exception <a 'sun/nio/fs/WindowsException'{0x00000000ecee64f8}> (0x00000000ecee64f8) thrown at [./open/src/hotspot/share/prims/jni.cpp, line 611]
Event: 16581.180 Thread 0x0000026c9f095800 Exception <a 'java/lang/ClassNotFoundException'{0x00000000ecd55608}: build_cf8zgoqq9t8u5bxzfawf1z1llBeanInfo> (0x00000000ecd55608) thrown at [./open/src/hotspot/share/classfile/systemDictionary.cpp, line 228]
Event: 16581.181 Thread 0x0000026c9f095800 Exception <a 'java/lang/ClassNotFoundException'{0x00000000ecd5e410}: build_cf8zgoqq9t8u5bxzfawf1z1llCustomizer> (0x00000000ecd5e410) thrown at [./open/src/hotspot/share/classfile/systemDictionary.cpp, line 228]

Events (10 events):
Event: 16583.621 Thread 0x0000026c9f095800 DEOPT UNPACKING pc=0x0000026c8840662f sp=0x000000c9360f8560 mode 2
Event: 16583.621 Thread 0x0000026c9f095800 Uncommon trap: trap_request=0xffffffbe fr.pc=0x0000026c9019e7c0 relative=0x0000000000002380
Event: 16583.621 Thread 0x0000026c9f095800 DEOPT PACKING pc=0x0000026c9019e7c0 sp=0x000000c9360f8580
Event: 16583.621 Thread 0x0000026c9f095800 DEOPT UNPACKING pc=0x0000026c8840662f sp=0x000000c9360f8560 mode 2
Event: 16583.621 Thread 0x0000026c9f095800 Uncommon trap: trap_request=0xffffffbe fr.pc=0x0000026c9019e7c0 relative=0x0000000000002380
Event: 16583.621 Thread 0x0000026c9f095800 DEOPT PACKING pc=0x0000026c9019e7c0 sp=0x000000c9360f8580
Event: 16583.621 Thread 0x0000026c9f095800 DEOPT UNPACKING pc=0x0000026c8840662f sp=0x000000c9360f8560 mode 2
Event: 16583.621 Thread 0x0000026c9f095800 Uncommon trap: trap_request=0xffffffbe fr.pc=0x0000026c9019e7c0 relative=0x0000000000002380
Event: 16583.621 Thread 0x0000026c9f095800 DEOPT PACKING pc=0x0000026c9019e7c0 sp=0x000000c9360f8580
Event: 16583.621 Thread 0x0000026c9f095800 DEOPT UNPACKING pc=0x0000026c8840662f sp=0x000000c9360f8560 mode 2


Dynamic libraries:
0x00007ff6b67b0000 - 0x00007ff6b67bf000 	C:\Program Files\Java\jdk-11.0.12\bin\java.exe
0x00007ffab2bd0000 - 0x00007ffab2dc5000 	C:\Windows\SYSTEM32\ntdll.dll
0x00007ffab0ea0000 - 0x00007ffab0f5d000 	C:\Windows\System32\KERNEL32.DLL
0x00007ffab0480000 - 0x00007ffab0749000 	C:\Windows\System32\KERNELBASE.dll
0x00007ffab0780000 - 0x00007ffab0880000 	C:\Windows\System32\ucrtbase.dll
0x00007ffa42de0000 - 0x00007ffa42df8000 	C:\Program Files\Java\jdk-11.0.12\bin\jli.dll
0x00007ffab0c60000 - 0x00007ffab0d0c000 	C:\Windows\System32\ADVAPI32.dll
0x00007ffab29b0000 - 0x00007ffab2a4e000 	C:\Windows\System32\msvcrt.dll
0x00007ffab0d10000 - 0x00007ffab0dab000 	C:\Windows\System32\sechost.dll
0x00007ffab1830000 - 0x00007ffab195a000 	C:\Windows\System32\RPCRT4.dll
0x00007ffab0fc0000 - 0x00007ffab1160000 	C:\Windows\System32\USER32.dll
0x00007ffab0750000 - 0x00007ffab0772000 	C:\Windows\System32\win32u.dll
0x00007ffab2390000 - 0x00007ffab23ba000 	C:\Windows\System32\GDI32.dll
0x00007ffab0980000 - 0x00007ffab0a8b000 	C:\Windows\System32\gdi32full.dll
0x00007ffab08e0000 - 0x00007ffab097d000 	C:\Windows\System32\msvcp_win.dll
0x00007ffa42dc0000 - 0x00007ffa42dd5000 	C:\Program Files\Java\jdk-11.0.12\bin\VCRUNTIME140.dll
0x00007ffa98960000 - 0x00007ffa98bfa000 	C:\Windows\WinSxS\amd64_microsoft.windows.common-controls_6595b64144ccf1df_6.0.19041.1110_none_60b5254171f9507e\COMCTL32.dll
0x00007ffaa9b30000 - 0x00007ffaa9b3a000 	C:\Windows\SYSTEM32\VERSION.dll
0x00007ffab1960000 - 0x00007ffab1990000 	C:\Windows\System32\IMM32.DLL
0x00007ffa42d20000 - 0x00007ffa42dbb000 	C:\Program Files\Java\jdk-11.0.12\bin\msvcp140.dll
0x00007ffa3cff0000 - 0x00007ffa3daef000 	C:\Program Files\Java\jdk-11.0.12\bin\server\jvm.dll
0x00007ffab2a50000 - 0x00007ffab2a58000 	C:\Windows\System32\PSAPI.DLL
0x00007ffaab6f0000 - 0x00007ffaab6f9000 	C:\Windows\SYSTEM32\WSOCK32.dll
0x00007ffab1760000 - 0x00007ffab17cb000 	C:\Windows\System32\WS2_32.dll
0x00007ffaa7410000 - 0x00007ffaa7437000 	C:\Windows\SYSTEM32\WINMM.dll
0x00007ffaae240000 - 0x00007ffaae252000 	C:\Windows\SYSTEM32\kernel.appcore.dll
0x00007ffa705e0000 - 0x00007ffa705f0000 	C:\Program Files\Java\jdk-11.0.12\bin\verify.dll
0x00007ffa97a60000 - 0x00007ffa97c44000 	C:\Windows\SYSTEM32\DBGHELP.DLL
0x00007ffa97a30000 - 0x00007ffa97a5c000 	C:\Windows\SYSTEM32\dbgcore.DLL
0x00007ffab0310000 - 0x00007ffab0393000 	C:\Windows\System32\bcryptPrimitives.dll
0x00007ffa42ab0000 - 0x00007ffa42ad8000 	C:\Program Files\Java\jdk-11.0.12\bin\java.dll
0x00007ffa55f20000 - 0x00007ffa55f2a000 	C:\Program Files\Java\jdk-11.0.12\bin\jimage.dll
0x00007ffa42d00000 - 0x00007ffa42d16000 	C:\Program Files\Java\jdk-11.0.12\bin\zip.dll
0x00007ffab1990000 - 0x00007ffab20cf000 	C:\Windows\System32\SHELL32.dll
0x00007ffaae440000 - 0x00007ffaaebd1000 	C:\Windows\SYSTEM32\windows.storage.dll
0x00007ffab23c0000 - 0x00007ffab2715000 	C:\Windows\System32\combase.dll
0x00007ffaafd80000 - 0x00007ffaafdac000 	C:\Windows\SYSTEM32\Wldp.dll
0x00007ffab2a60000 - 0x00007ffab2b0e000 	C:\Windows\System32\SHCORE.dll
0x00007ffab1290000 - 0x00007ffab12e5000 	C:\Windows\System32\shlwapi.dll
0x00007ffab0250000 - 0x00007ffab026f000 	C:\Windows\SYSTEM32\profapi.dll
0x00007ffa42a90000 - 0x00007ffa42aa9000 	C:\Program Files\Java\jdk-11.0.12\bin\net.dll
0x00007ffaa56d0000 - 0x00007ffaa57da000 	C:\Windows\SYSTEM32\WINHTTP.dll
0x00007ffaafae0000 - 0x00007ffaafb4a000 	C:\Windows\system32\mswsock.dll
0x00007ffa42a70000 - 0x00007ffa42a82000 	C:\Program Files\Java\jdk-11.0.12\bin\nio.dll
0x00007ffa42a40000 - 0x00007ffa42a67000 	C:\Users\Nicolas\.gradle\native\fdc75f09e3144964f2cf3f50f0aa648679c211496f362492102eb8c894070792\windows-amd64\native-platform.dll
0x00007ffa3bf80000 - 0x00007ffa3c116000 	C:\Users\Nicolas\.gradle\native\12488b8bf47d2d4c9fbf2f6322a914ad602e24e48041cd04a747c6da556b65c4\windows-amd64\native-platform-file-events.dll
0x00007ffa42a30000 - 0x00007ffa42a39000 	C:\Program Files\Java\jdk-11.0.12\bin\management.dll
0x00007ffa42a20000 - 0x00007ffa42a2b000 	C:\Program Files\Java\jdk-11.0.12\bin\management_ext.dll
0x00007ffaafcd0000 - 0x00007ffaafce8000 	C:\Windows\SYSTEM32\CRYPTSP.dll
0x00007ffaaf410000 - 0x00007ffaaf444000 	C:\Windows\system32\rsaenh.dll
0x00007ffab0450000 - 0x00007ffab0477000 	C:\Windows\System32\bcrypt.dll
0x00007ffab0210000 - 0x00007ffab023e000 	C:\Windows\SYSTEM32\USERENV.dll
0x00007ffaafcc0000 - 0x00007ffaafccc000 	C:\Windows\SYSTEM32\CRYPTBASE.dll
0x00007ffaaf780000 - 0x00007ffaaf7bb000 	C:\Windows\SYSTEM32\IPHLPAPI.DLL
0x00007ffab2380000 - 0x00007ffab2388000 	C:\Windows\System32\NSI.dll
0x00007ffaa7be0000 - 0x00007ffaa7bf7000 	C:\Windows\SYSTEM32\dhcpcsvc6.DLL
0x00007ffaa7ff0000 - 0x00007ffaa800d000 	C:\Windows\SYSTEM32\dhcpcsvc.DLL
0x00007ffaaf7d0000 - 0x00007ffaaf89c000 	C:\Windows\SYSTEM32\DNSAPI.dll
0x00007ffaa8ff0000 - 0x00007ffaa8ffb000 	C:\Windows\SYSTEM32\WINNSI.DLL
0x00007ffaa6a70000 - 0x00007ffaa6a7a000 	C:\Windows\System32\rasadhlp.dll
0x00007ffaa5310000 - 0x00007ffaa538f000 	C:\Windows\System32\fwpuclnt.dll
0x00007ffa84790000 - 0x00007ffa847b5000 	C:\Program Files\Java\jdk-11.0.12\bin\sunec.dll
0x00007ffaad600000 - 0x00007ffaad60d000 	C:\Program Files\Java\jdk-11.0.12\bin\sunmscapi.dll
0x00007ffab0a90000 - 0x00007ffab0bef000 	C:\Windows\System32\CRYPT32.dll
0x00007ffaafdf0000 - 0x00007ffaafe17000 	C:\Windows\SYSTEM32\ncrypt.dll
0x00007ffaafdb0000 - 0x00007ffaafdeb000 	C:\Windows\SYSTEM32\NTASN1.dll
0x00007ffaaf040000 - 0x00007ffaaf073000 	C:\Windows\SYSTEM32\ntmarta.dll

dbghelp: loaded successfully - version: 4.0.5 - missing functions: none
symbol engine: initialized successfully - sym options: 0x614 - pdb path: .;C:\Program Files\Java\jdk-11.0.12\bin;C:\Windows\SYSTEM32;C:\Windows\WinSxS\amd64_microsoft.windows.common-controls_6595b64144ccf1df_6.0.19041.1110_none_60b5254171f9507e;C:\Program Files\Java\jdk-11.0.12\bin\server;C:\Users\Nicolas\.gradle\native\fdc75f09e3144964f2cf3f50f0aa648679c211496f362492102eb8c894070792\windows-amd64;C:\Users\Nicolas\.gradle\native\12488b8bf47d2d4c9fbf2f6322a914ad602e24e48041cd04a747c6da556b65c4\windows-amd64

VM Arguments:
jvm_args: --add-opens=java.base/java.util=ALL-UNNAMED --add-opens=java.base/java.lang=ALL-UNNAMED --add-opens=java.base/java.lang.invoke=ALL-UNNAMED --add-opens=java.prefs/java.util.prefs=ALL-UNNAMED -XX:MaxMetaspaceSize=256m -XX:+HeapDumpOnOutOfMemoryError -Xms256m -Xmx512m -Dfile.encoding=windows-1252 -Duser.country=CL -Duser.language=es -Duser.variant 
java_command: org.gradle.launcher.daemon.bootstrap.GradleDaemon 6.7
java_class_path (initial): C:\Users\Nicolas\.gradle\wrapper\dists\gradle-6.7-all\cuy9mc7upwgwgeb72wkcrupxe\gradle-6.7\lib\gradle-launcher-6.7.jar
Launcher Type: SUN_STANDARD

[Global flags]
     intx CICompilerCount                          = 3                                         {product} {ergonomic}
   size_t CompressedClassSpaceSize                 = 260046848                                 {product} {ergonomic}
     uint ConcGCThreads                            = 1                                         {product} {ergonomic}
     uint G1ConcRefinementThreads                  = 4                                         {product} {ergonomic}
   size_t G1HeapRegionSize                         = 1048576                                   {product} {ergonomic}
    uintx GCDrainStackTargetSize                   = 64                                        {product} {ergonomic}
     bool HeapDumpOnOutOfMemoryError               = true                                   {manageable} {command line}
   size_t InitialHeapSize                          = 268435456                                 {product} {command line}
   size_t MarkStackSize                            = 4194304                                   {product} {ergonomic}
   size_t MaxHeapSize                              = 536870912                                 {product} {command line}
   size_t MaxMetaspaceSize                         = 268435456                                 {product} {command line}
   size_t MaxNewSize                               = 321912832                                 {product} {ergonomic}
   size_t MinHeapDeltaBytes                        = 1048576                                   {product} {ergonomic}
    uintx NonNMethodCodeHeapSize                   = 5830732                                {pd product} {ergonomic}
    uintx NonProfiledCodeHeapSize                  = 122913754                              {pd product} {ergonomic}
    uintx ProfiledCodeHeapSize                     = 122913754                              {pd product} {ergonomic}
    uintx ReservedCodeCacheSize                    = 251658240                              {pd product} {ergonomic}
     bool SegmentedCodeCache                       = true                                      {product} {ergonomic}
     bool UseCompressedClassPointers               = true                                 {lp64_product} {ergonomic}
     bool UseCompressedOops                        = true                                 {lp64_product} {ergonomic}
     bool UseG1GC                                  = true                                      {product} {ergonomic}
     bool UseLargePagesIndividualAllocation        = false                                  {pd product} {ergonomic}

Logging:
Log output configuration:
 #0: stdout all=warning uptime,level,tags
 #1: stderr all=off uptime,level,tags

Environment Variables:
JAVA_HOME=C:\Program Files\Java\jdk-11.0.12
CLASSPATH=C:\Users\Nicolas\Documents\GitHub\postventa-app\android\\gradle\wrapper\gradle-wrapper.jar
PATH=C:\Users\Nicolas\Documents\GitHub\postventa-app\android\node_modules\.bin;C:\Users\Nicolas\Documents\GitHub\postventa-app\node_modules\.bin;C:\Users\Nicolas\Documents\GitHub\node_modules\.bin;C:\Users\Nicolas\Documents\node_modules\.bin;C:\Users\Nicolas\node_modules\.bin;C:\Users\node_modules\.bin;C:\node_modules\.bin;C:\Program Files\nodejs;C:\Users\Nicolas\Documents\GitHub\postventa-app\node_modules\.bin;C:\Program Files\Common Files\Oracle\Java\javapath;C:\Windows\system32;C:\Windows;C:\Windows\System32\Wbem;C:\Windows\System32\WindowsPowerShell\v1.0\;C:\Windows\System32\OpenSSH\;C:\Program Files\NVIDIA Corporation\NVIDIA NvDLISR;C:\Program Files (x86)\NVIDIA Corporation\PhysX\Common;C:\Program Files\nodejs\;C:\Users\Nicolas\AppData\Local\Microsoft\WindowsApps;C:\Users\Nicolas\AppData\Local\Programs\Microsoft VS Code\bin;C:\Users\Nicolas\AppData\Local\GitHubDesktop\bin;C:\Users\Nicolas\AppData\Roaming\npm;C:\Users\Nicolas\AppData\Local\Android\Sdk\platform-tools;
USERNAME=Nicolas
OS=Windows_NT
PROCESSOR_IDENTIFIER=Intel64 Family 6 Model 158 Stepping 9, GenuineIntel



---------------  S Y S T E M  ---------------

OS: Windows 10 , 64 bit Build 19041 (10.0.19041.1023)

CPU:total 4 (initial active 4) (4 cores per cpu, 1 threads per core) family 6 model 158 stepping 9 microcode 0xb4, cmov, cx8, fxsr, mmx, sse, sse2, sse3, ssse3, sse4.1, sse4.2, popcnt, avx, avx2, aes, clmul, erms, 3dnowpref, lzcnt, tsc, tscinvbit, bmi1, bmi2, adx, fma

Memory: 4k page, system-wide physical 8084M (184M free)
TotalPageFile size 19623M (AvailPageFile size 2578M)
current process WorkingSet (physical memory assigned to process): 401M, peak: 599M
current process commit charge ("private bytes"): 688M, peak: 693M

vm_info: Java HotSpot(TM) 64-Bit Server VM (11.0.12+8-LTS-237) for windows-amd64 JRE (11.0.12+8-LTS-237), built on Jun  8 2021 11:25:59 by "mach5one" with MS VC++ 15.9 (VS2017)

END.
